<?xml version="1.0" encoding="UTF-8"?>
<testsuites name="CURA_Basic_TS_Login_001" time="248.107" tests="3" failures="0" errors="0">
   <testsuite name="CURA_Basic_TS_Login_001" tests="3" failures="0" errors="0" time="248.107" skipped="0" timestamp="13-02-2024T01:24:42" hostname="Lenovo - Durgesh" id="Test Suites/CURA_Test_Suite_Login/CURA_Basic_TS_Login_001">
      <properties>
         <property name="deviceName" value=""/>
         <property name="devicePlatform" value=""/>
         <property name="logFolder" value="C:\\Users\\Lenovo\\git\\Katalon_Automation_CURA_Health_Service\\Reports\\20240213_012437\\CURA_Test_Suite_Login\\CURA_Basic_TS_Login_001\\20240213_012437"/>
         <property name="logFiles" value="C:\\Users\\Lenovo\\git\\Katalon_Automation_CURA_Health_Service\\Reports\\20240213_012437\\CURA_Test_Suite_Login\\CURA_Basic_TS_Login_001\\20240213_012437\\execution0.log"/>
         <property name="attachments" value=""/>
         <property name="hostName" value="Lenovo - Durgesh"/>
         <property name="os" value="Windows 11 64bit"/>
         <property name="katalonVersion" value="9.2.0.212"/>
         <property name="browser" value="Chrome 121.0.0.0"/>
         <property name="hostAddress" value="192.168.43.195"/>
         <property name="sessionId" value="5dfffeb52cf0f5d36063a9c90474f04c"/>
         <property name="seleniumVersion" value="3.141.59"/>
         <property name="proxyInformation" value="ProxyInformation { proxyOption=NO_PROXY, proxyServerType=HTTP, username=, password=********, proxyServerAddress=, proxyServerPort=0, executionList=&quot;&quot;, isApplyToDesiredCapabilities=true }"/>
         <property name="platform" value="Windows 11"/>
      </properties>
      <testcase name="Test Cases/CURA_Test_Case/CURA_TC_Login/CURA_TC_Login_ValidUser_Name_001" time="117.822" classname="Test Cases/CURA_Test_Case/CURA_TC_Login/CURA_TC_Login_ValidUser_Name_001" status="PASSED">
         <system-out><![CDATA[13-02-2024T01:24:42 - [TEST_CASE][PASSED] - Test Cases/CURA_Test_Case/CURA_TC_Login/CURA_TC_Login_ValidUser_Name_001: Test Cases/CURA_Test_Case/CURA_TC_Login/CURA_TC_Login_ValidUser_Name_001

13-02-2024T01:24:43 - [TEST_STEP][PASSED] - openBrowser(""): Browser is opened with url: ''

13-02-2024T01:24:43 - [MESSAGE][INFO] - Starting 'Chrome' driver

13-02-2024T01:24:43 - [MESSAGE][INFO] - Action delay is set to 0 milliseconds

13-02-2024T01:24:45 - [MESSAGE][PASSED] - Browser is opened with url: ''

13-02-2024T01:24:45 - [TEST_STEP][PASSED] - navigateToUrl("https://katalon-demo-cura.herokuapp.com/"): Navigate to 'https://katalon-demo-cura.herokuapp.com/' successfully

13-02-2024T01:25:15 - [MESSAGE][PASSED] - Navigate to 'https://katalon-demo-cura.herokuapp.com/' successfully

13-02-2024T01:25:15 - [TEST_STEP][PASSED] - click(findTestObject("Object Repository/CURA_Pages_Login_ValidUser_Name_OR_001/Page_CURA Healthcare Service/a_Make Appointment")): Object: 'Object Repository/CURA_Pages_Login_ValidUser_Name_OR_001/Page_CURA Healthcare Service/a_Make Appointment' is clicked on

13-02-2024T01:26:36 - [MESSAGE][PASSED] - Object: 'Object Repository/CURA_Pages_Login_ValidUser_Name_OR_001/Page_CURA Healthcare Service/a_Make Appointment' is clicked on

13-02-2024T01:26:36 - [TEST_STEP][PASSED] - setText(findTestObject("Object Repository/CURA_Pages_Login_ValidUser_Name_OR_001/Page_CURA Healthcare Service/input_username"), "John Doe"): Text 'John Doe' is set on object 'Object Repository/CURA_Pages_Login_ValidUser_Name_OR_001/Page_CURA Healthcare Service/input_username'

13-02-2024T01:26:37 - [MESSAGE][PASSED] - Text 'John Doe' is set on object 'Object Repository/CURA_Pages_Login_ValidUser_Name_OR_001/Page_CURA Healthcare Service/input_username'

13-02-2024T01:26:37 - [TEST_STEP][PASSED] - setEncryptedText(findTestObject("Object Repository/CURA_Pages_Login_ValidUser_Name_OR_001/Page_CURA Healthcare Service/input_password"), "g3/DOGG74jC3Flrr3yH+3D/yKbOqqUNM"): Text ****** has been set on object 'Object Repository/CURA_Pages_Login_ValidUser_Name_OR_001/Page_CURA Healthcare Service/input_password'

13-02-2024T01:26:38 - [MESSAGE][PASSED] - Text ****** has been set on object 'Object Repository/CURA_Pages_Login_ValidUser_Name_OR_001/Page_CURA Healthcare Service/input_password'

13-02-2024T01:26:38 - [TEST_STEP][PASSED] - click(findTestObject("Object Repository/CURA_Pages_Login_ValidUser_Name_OR_001/Page_CURA Healthcare Service/button_Login")): Object: 'Object Repository/CURA_Pages_Login_ValidUser_Name_OR_001/Page_CURA Healthcare Service/button_Login' is clicked on

13-02-2024T01:26:40 - [MESSAGE][PASSED] - Object: 'Object Repository/CURA_Pages_Login_ValidUser_Name_OR_001/Page_CURA Healthcare Service/button_Login' is clicked on

13-02-2024T01:26:40 - [TEST_STEP][PASSED] - closeBrowser(): Browser is closed

13-02-2024T01:26:40 - [MESSAGE][PASSED] - Browser is closed]]></system-out>
         <system-err><![CDATA[]]></system-err>
      </testcase>
      <testcase name="Test Cases/CURA_Test_Case/CURA_TC_Login/CURA_TC_Login_InvalidUser_Name_002" time="67.728" classname="Test Cases/CURA_Test_Case/CURA_TC_Login/CURA_TC_Login_InvalidUser_Name_002" status="PASSED">
         <system-out><![CDATA[13-02-2024T01:26:40 - [TEST_CASE][PASSED] - Test Cases/CURA_Test_Case/CURA_TC_Login/CURA_TC_Login_InvalidUser_Name_002: Test Cases/CURA_Test_Case/CURA_TC_Login/CURA_TC_Login_InvalidUser_Name_002

13-02-2024T01:26:40 - [TEST_STEP][PASSED] - openBrowser(""): Browser is opened with url: ''

13-02-2024T01:26:40 - [MESSAGE][INFO] - Starting 'Chrome' driver

13-02-2024T01:26:40 - [MESSAGE][INFO] - Action delay is set to 0 milliseconds

13-02-2024T01:26:41 - [MESSAGE][PASSED] - Browser is opened with url: ''

13-02-2024T01:26:41 - [TEST_STEP][PASSED] - navigateToUrl("https://katalon-demo-cura.herokuapp.com/"): Navigate to 'https://katalon-demo-cura.herokuapp.com/' successfully

13-02-2024T01:27:36 - [MESSAGE][PASSED] - Navigate to 'https://katalon-demo-cura.herokuapp.com/' successfully

13-02-2024T01:27:36 - [TEST_STEP][PASSED] - click(findTestObject("Object Repository/CURA_Pages_LogIn_InvalidUser_Name_OR_002/Page_CURA Healthcare Service/a_Make Appointment")): Object: 'Object Repository/CURA_Pages_LogIn_InvalidUser_Name_OR_002/Page_CURA Healthcare Service/a_Make Appointment' is clicked on

13-02-2024T01:27:44 - [MESSAGE][PASSED] - Object: 'Object Repository/CURA_Pages_LogIn_InvalidUser_Name_OR_002/Page_CURA Healthcare Service/a_Make Appointment' is clicked on

13-02-2024T01:27:44 - [TEST_STEP][PASSED] - setText(findTestObject("Object Repository/CURA_Pages_LogIn_InvalidUser_Name_OR_002/Page_CURA Healthcare Service/input_username"), "John DOe"): Text 'John DOe' is set on object 'Object Repository/CURA_Pages_LogIn_InvalidUser_Name_OR_002/Page_CURA Healthcare Service/input_username'

13-02-2024T01:27:45 - [MESSAGE][PASSED] - Text 'John DOe' is set on object 'Object Repository/CURA_Pages_LogIn_InvalidUser_Name_OR_002/Page_CURA Healthcare Service/input_username'

13-02-2024T01:27:45 - [TEST_STEP][PASSED] - setEncryptedText(findTestObject("Object Repository/CURA_Pages_LogIn_InvalidUser_Name_OR_002/Page_CURA Healthcare Service/input_password"), "g3/DOGG74jC3Flrr3yH+3D/yKbOqqUNM"): Text ****** has been set on object 'Object Repository/CURA_Pages_LogIn_InvalidUser_Name_OR_002/Page_CURA Healthcare Service/input_password'

13-02-2024T01:27:45 - [MESSAGE][PASSED] - Text ****** has been set on object 'Object Repository/CURA_Pages_LogIn_InvalidUser_Name_OR_002/Page_CURA Healthcare Service/input_password'

13-02-2024T01:27:45 - [TEST_STEP][PASSED] - click(findTestObject("Object Repository/CURA_Pages_LogIn_InvalidUser_Name_OR_002/Page_CURA Healthcare Service/button_Login")): Object: 'Object Repository/CURA_Pages_LogIn_InvalidUser_Name_OR_002/Page_CURA Healthcare Service/button_Login' is clicked on

13-02-2024T01:27:48 - [MESSAGE][PASSED] - Object: 'Object Repository/CURA_Pages_LogIn_InvalidUser_Name_OR_002/Page_CURA Healthcare Service/button_Login' is clicked on

13-02-2024T01:27:48 - [TEST_STEP][PASSED] - closeBrowser(): Browser is closed

13-02-2024T01:27:48 - [MESSAGE][PASSED] - Browser is closed]]></system-out>
         <system-err><![CDATA[]]></system-err>
      </testcase>
      <testcase name="Test Cases/CURA_Test_Case/CURA_TC_Login/CURA_TC_Login_Redirect_page_003" time="62.292" classname="Test Cases/CURA_Test_Case/CURA_TC_Login/CURA_TC_Login_Redirect_page_003" status="PASSED">
         <system-out><![CDATA[13-02-2024T01:27:48 - [TEST_CASE][PASSED] - Test Cases/CURA_Test_Case/CURA_TC_Login/CURA_TC_Login_Redirect_page_003: Test Cases/CURA_Test_Case/CURA_TC_Login/CURA_TC_Login_Redirect_page_003

13-02-2024T01:27:48 - [TEST_STEP][PASSED] - openBrowser(""): Browser is opened with url: ''

13-02-2024T01:27:48 - [MESSAGE][INFO] - Starting 'Chrome' driver

13-02-2024T01:27:48 - [MESSAGE][INFO] - Action delay is set to 0 milliseconds

13-02-2024T01:27:49 - [MESSAGE][PASSED] - Browser is opened with url: ''

13-02-2024T01:27:49 - [TEST_STEP][PASSED] - navigateToUrl("https://katalon-demo-cura.herokuapp.com/"): Navigate to 'https://katalon-demo-cura.herokuapp.com/' successfully

13-02-2024T01:27:53 - [MESSAGE][PASSED] - Navigate to 'https://katalon-demo-cura.herokuapp.com/' successfully

13-02-2024T01:27:53 - [TEST_STEP][PASSED] - click(findTestObject("Object Repository/CURA_pages_Login_Redirect_OR_003/Page_CURA Healthcare Service/a_Make Appointment")): Object: 'Object Repository/CURA_pages_Login_Redirect_OR_003/Page_CURA Healthcare Service/a_Make Appointment' is clicked on

13-02-2024T01:28:43 - [MESSAGE][PASSED] - Object: 'Object Repository/CURA_pages_Login_Redirect_OR_003/Page_CURA Healthcare Service/a_Make Appointment' is clicked on

13-02-2024T01:28:43 - [TEST_STEP][PASSED] - setText(findTestObject("Object Repository/CURA_pages_Login_Redirect_OR_003/Page_CURA Healthcare Service/input_username"), "John Doe"): Text 'John Doe' is set on object 'Object Repository/CURA_pages_Login_Redirect_OR_003/Page_CURA Healthcare Service/input_username'

13-02-2024T01:28:44 - [MESSAGE][PASSED] - Text 'John Doe' is set on object 'Object Repository/CURA_pages_Login_Redirect_OR_003/Page_CURA Healthcare Service/input_username'

13-02-2024T01:28:44 - [TEST_STEP][PASSED] - setEncryptedText(findTestObject("Object Repository/CURA_pages_Login_Redirect_OR_003/Page_CURA Healthcare Service/input_password"), "g3/DOGG74jC3Flrr3yH+3D/yKbOqqUNM"): Text ****** has been set on object 'Object Repository/CURA_pages_Login_Redirect_OR_003/Page_CURA Healthcare Service/input_password'

13-02-2024T01:28:45 - [MESSAGE][PASSED] - Text ****** has been set on object 'Object Repository/CURA_pages_Login_Redirect_OR_003/Page_CURA Healthcare Service/input_password'

13-02-2024T01:28:45 - [TEST_STEP][PASSED] - click(findTestObject("Object Repository/CURA_pages_Login_Redirect_OR_003/Page_CURA Healthcare Service/button_Login")): Object: 'Object Repository/CURA_pages_Login_Redirect_OR_003/Page_CURA Healthcare Service/button_Login' is clicked on

13-02-2024T01:28:49 - [MESSAGE][PASSED] - Object: 'Object Repository/CURA_pages_Login_Redirect_OR_003/Page_CURA Healthcare Service/button_Login' is clicked on

13-02-2024T01:28:49 - [TEST_STEP][PASSED] - openBrowser(""): Browser is opened with url: ''

13-02-2024T01:28:49 - [MESSAGE][WARNING] - A browser is already opened. Closing browser and opening a new one

13-02-2024T01:28:49 - [MESSAGE][INFO] - Starting 'Chrome' driver

13-02-2024T01:28:49 - [MESSAGE][INFO] - Action delay is set to 0 milliseconds

13-02-2024T01:28:50 - [MESSAGE][PASSED] - Browser is opened with url: ''

13-02-2024T01:28:50 - [TEST_STEP][PASSED] - closeBrowser(): Browser is closed

13-02-2024T01:28:50 - [MESSAGE][PASSED] - Browser is closed]]></system-out>
         <system-err><![CDATA[]]></system-err>
      </testcase>
      <system-out><![CDATA[13-02-2024T01:24:42 - [TEST_SUITE][PASSED] - CURA_Basic_TS_Login_001: Test Cases/CURA_Test_Case/CURA_TC_Login/CURA_TC_Login_Redirect_page_003]]></system-out>
      <system-err><![CDATA[]]></system-err>
   </testsuite>
</testsuites>
