<?xml version="1.0" encoding="UTF-8"?>
<testsuites name="CURA_ Dynamic_TS_History_003" time="138.635" tests="2" failures="0" errors="0">
   <testsuite name="CURA_ Dynamic_TS_History_003" tests="2" failures="0" errors="0" time="138.635" skipped="0" timestamp="17-02-2024T02:02:05" hostname="Lenovo - Durgesh" id="Test Suites/CURA_Test_Suites_History/CURA_ Dynamic_TS_History_003">
      <properties>
         <property name="deviceName" value=""/>
         <property name="devicePlatform" value=""/>
         <property name="logFolder" value="C:\\Users\\Lenovo\\git\\Katalon_Automation_CURA_Health_Service\\Reports\\20240217_020155\\CURA_Test_Suites_History\\CURA_ Dynamic_TS_History_003\\20240217_020156"/>
         <property name="logFiles" value="C:\\Users\\Lenovo\\git\\Katalon_Automation_CURA_Health_Service\\Reports\\20240217_020155\\CURA_Test_Suites_History\\CURA_ Dynamic_TS_History_003\\20240217_020156\\execution0.log"/>
         <property name="attachments" value=""/>
         <property name="hostName" value="Lenovo - Durgesh"/>
         <property name="os" value="Windows 11 64bit"/>
         <property name="katalonVersion" value="9.2.0.212"/>
         <property name="browser" value="Chrome 121.0.0.0"/>
         <property name="hostAddress" value="192.168.43.195"/>
         <property name="sessionId" value="c93fe89fa130d24a0788853721e9d43d"/>
         <property name="seleniumVersion" value="3.141.59"/>
         <property name="proxyInformation" value="ProxyInformation { proxyOption=NO_PROXY, proxyServerType=HTTP, username=, password=********, proxyServerAddress=, proxyServerPort=0, executionList=&quot;&quot;, isApplyToDesiredCapabilities=true }"/>
         <property name="platform" value="Windows 11"/>
      </properties>
      <testcase name="Test Cases/CURA_Test_Case/CURA_TC_Histosy/CURA_TC_Booked_Appointment_History_003" time="72.731" classname="Test Cases/CURA_Test_Case/CURA_TC_Histosy/CURA_TC_Booked_Appointment_History_003" status="PASSED">
         <system-out><![CDATA[17-02-2024T02:02:05 - [TEST_CASE][PASSED] - Test Cases/CURA_Test_Case/CURA_TC_Histosy/CURA_TC_Booked_Appointment_History_003: Test Cases/CURA_Test_Case/CURA_TC_Histosy/CURA_TC_Booked_Appointment_History_003

17-02-2024T02:02:05 - [TEST_STEP][PASSED] - Start listener action : onTestCaseStart: null

17-02-2024T02:02:05 - [TEST_STEP][PASSED] - println(" I Am inside testcasestart Function "): null

17-02-2024T02:02:05 - [TEST_STEP][PASSED] - openBrowser(""): Browser is opened with url: ''

17-02-2024T02:02:05 - [MESSAGE][INFO] - Starting 'Chrome' driver

17-02-2024T02:02:06 - [MESSAGE][INFO] - Action delay is set to 0 milliseconds

17-02-2024T02:02:07 - [MESSAGE][PASSED] - Browser is opened with url: ''

17-02-2024T02:02:07 - [TEST_STEP][PASSED] - navigateToUrl("https://katalon-demo-cura.herokuapp.com/"): Navigate to 'https://katalon-demo-cura.herokuapp.com/' successfully

17-02-2024T02:02:56 - [MESSAGE][PASSED] - Navigate to 'https://katalon-demo-cura.herokuapp.com/' successfully

17-02-2024T02:02:56 - [TEST_STEP][PASSED] - click(findTestObject("Object Repository/CURA_Pages_History_Details_OR_003/Page_CURA Healthcare Service/a_Make Appointment")): Object: 'Object Repository/CURA_Pages_History_Details_OR_003/Page_CURA Healthcare Service/a_Make Appointment' is clicked on

17-02-2024T02:03:04 - [MESSAGE][PASSED] - Object: 'Object Repository/CURA_Pages_History_Details_OR_003/Page_CURA Healthcare Service/a_Make Appointment' is clicked on

17-02-2024T02:03:04 - [TEST_STEP][PASSED] - setText(findTestObject("Object Repository/CURA_Pages_History_Details_OR_003/Page_CURA Healthcare Service/input_username"), "John Doe"): Text 'John Doe' is set on object 'Object Repository/CURA_Pages_History_Details_OR_003/Page_CURA Healthcare Service/input_username'

17-02-2024T02:03:04 - [MESSAGE][PASSED] - Text 'John Doe' is set on object 'Object Repository/CURA_Pages_History_Details_OR_003/Page_CURA Healthcare Service/input_username'

17-02-2024T02:03:04 - [TEST_STEP][PASSED] - setEncryptedText(findTestObject("Object Repository/CURA_Pages_History_Details_OR_003/Page_CURA Healthcare Service/input_password"), "g3/DOGG74jC3Flrr3yH+3D/yKbOqqUNM"): Text ****** has been set on object 'Object Repository/CURA_Pages_History_Details_OR_003/Page_CURA Healthcare Service/input_password'

17-02-2024T02:03:05 - [MESSAGE][PASSED] - Text ****** has been set on object 'Object Repository/CURA_Pages_History_Details_OR_003/Page_CURA Healthcare Service/input_password'

17-02-2024T02:03:05 - [TEST_STEP][PASSED] - click(findTestObject("Object Repository/CURA_Pages_History_Details_OR_003/Page_CURA Healthcare Service/button_Login")): Object: 'Object Repository/CURA_Pages_History_Details_OR_003/Page_CURA Healthcare Service/button_Login' is clicked on

17-02-2024T02:03:07 - [MESSAGE][PASSED] - Object: 'Object Repository/CURA_Pages_History_Details_OR_003/Page_CURA Healthcare Service/button_Login' is clicked on

17-02-2024T02:03:07 - [TEST_STEP][PASSED] - selectOptionByValue(findTestObject("Object Repository/CURA_Pages_History_Details_OR_003/Page_CURA Healthcare Service/select_Tokyo CURA Healthcare Center        _5b4107"), "Hongkong CURA Healthcare Center", true): All options with value 'Hongkong CURA Healthcare Center' are selected in object 'Object Repository/CURA_Pages_History_Details_OR_003/Page_CURA Healthcare Service/select_Tokyo CURA Healthcare Center        _5b4107'  using regular expression

17-02-2024T02:03:08 - [MESSAGE][PASSED] - All options with value 'Hongkong CURA Healthcare Center' are selected in object 'Object Repository/CURA_Pages_History_Details_OR_003/Page_CURA Healthcare Service/select_Tokyo CURA Healthcare Center        _5b4107'  using regular expression

17-02-2024T02:03:08 - [TEST_STEP][PASSED] - click(findTestObject("Object Repository/CURA_Pages_History_Details_OR_003/Page_CURA Healthcare Service/label_Apply for hospital readmission")): Object: 'Object Repository/CURA_Pages_History_Details_OR_003/Page_CURA Healthcare Service/label_Apply for hospital readmission' is clicked on

17-02-2024T02:03:08 - [MESSAGE][PASSED] - Object: 'Object Repository/CURA_Pages_History_Details_OR_003/Page_CURA Healthcare Service/label_Apply for hospital readmission' is clicked on

17-02-2024T02:03:08 - [TEST_STEP][PASSED] - click(findTestObject("Object Repository/CURA_Pages_History_Details_OR_003/Page_CURA Healthcare Service/input_programs")): Object: 'Object Repository/CURA_Pages_History_Details_OR_003/Page_CURA Healthcare Service/input_programs' is clicked on

17-02-2024T02:03:09 - [MESSAGE][PASSED] - Object: 'Object Repository/CURA_Pages_History_Details_OR_003/Page_CURA Healthcare Service/input_programs' is clicked on

17-02-2024T02:03:09 - [TEST_STEP][PASSED] - click(findTestObject("Object Repository/CURA_Pages_History_Details_OR_003/Page_CURA Healthcare Service/input_visit_date")): Object: 'Object Repository/CURA_Pages_History_Details_OR_003/Page_CURA Healthcare Service/input_visit_date' is clicked on

17-02-2024T02:03:09 - [MESSAGE][PASSED] - Object: 'Object Repository/CURA_Pages_History_Details_OR_003/Page_CURA Healthcare Service/input_visit_date' is clicked on

17-02-2024T02:03:09 - [TEST_STEP][PASSED] - click(findTestObject("Object Repository/CURA_Pages_History_Details_OR_003/Page_CURA Healthcare Service/td_22")): Object: 'Object Repository/CURA_Pages_History_Details_OR_003/Page_CURA Healthcare Service/td_22' is clicked on

17-02-2024T02:03:10 - [MESSAGE][PASSED] - Object: 'Object Repository/CURA_Pages_History_Details_OR_003/Page_CURA Healthcare Service/td_22' is clicked on

17-02-2024T02:03:10 - [TEST_STEP][PASSED] - setText(findTestObject("Object Repository/CURA_Pages_History_Details_OR_003/Page_CURA Healthcare Service/textarea_comment"), "Booked Appointment"): Text 'Booked Appointment' is set on object 'Object Repository/CURA_Pages_History_Details_OR_003/Page_CURA Healthcare Service/textarea_comment'

17-02-2024T02:03:11 - [MESSAGE][PASSED] - Text 'Booked Appointment' is set on object 'Object Repository/CURA_Pages_History_Details_OR_003/Page_CURA Healthcare Service/textarea_comment'

17-02-2024T02:03:11 - [TEST_STEP][PASSED] - click(findTestObject("Object Repository/CURA_Pages_History_Details_OR_003/Page_CURA Healthcare Service/button_Book Appointment")): Object: 'Object Repository/CURA_Pages_History_Details_OR_003/Page_CURA Healthcare Service/button_Book Appointment' is clicked on

17-02-2024T02:03:12 - [MESSAGE][PASSED] - Object: 'Object Repository/CURA_Pages_History_Details_OR_003/Page_CURA Healthcare Service/button_Book Appointment' is clicked on

17-02-2024T02:03:12 - [TEST_STEP][PASSED] - click(findTestObject("Object Repository/CURA_Pages_History_Details_OR_003/Page_CURA Healthcare Service/i_fa fa-bars")): Object: 'Object Repository/CURA_Pages_History_Details_OR_003/Page_CURA Healthcare Service/i_fa fa-bars' is clicked on

17-02-2024T02:03:12 - [MESSAGE][PASSED] - Object: 'Object Repository/CURA_Pages_History_Details_OR_003/Page_CURA Healthcare Service/i_fa fa-bars' is clicked on

17-02-2024T02:03:12 - [TEST_STEP][PASSED] - click(findTestObject("Object Repository/CURA_Pages_History_Details_OR_003/Page_CURA Healthcare Service/a_History")): Object: 'Object Repository/CURA_Pages_History_Details_OR_003/Page_CURA Healthcare Service/a_History' is clicked on

17-02-2024T02:03:13 - [MESSAGE][PASSED] - Object: 'Object Repository/CURA_Pages_History_Details_OR_003/Page_CURA Healthcare Service/a_History' is clicked on

17-02-2024T02:03:13 - [TEST_STEP][PASSED] - sleep(4000): null

17-02-2024T02:03:17 - [TEST_STEP][PASSED] - closeBrowser(): Browser is closed

17-02-2024T02:03:18 - [MESSAGE][PASSED] - Browser is closed

17-02-2024T02:03:18 - [TEST_STEP][PASSED] - Start listener action : sampleAfterTestCase: null

17-02-2024T02:03:18 - [TEST_STEP][PASSED] - println(" I Am sampleAfterTestCase Function "): null]]></system-out>
         <system-err><![CDATA[]]></system-err>
      </testcase>
      <testcase name="Test Cases/CURA_Test_Case/CURA_TC_Make Appointment/CURA_TC_Make Appointment_providingDetails_002" time="65.594" classname="Test Cases/CURA_Test_Case/CURA_TC_Make Appointment/CURA_TC_Make Appointment_providingDetails_002" status="PASSED">
         <system-out><![CDATA[17-02-2024T02:03:18 - [TEST_CASE][PASSED] - Test Cases/CURA_Test_Case/CURA_TC_Make Appointment/CURA_TC_Make Appointment_providingDetails_002: Test Cases/CURA_Test_Case/CURA_TC_Make Appointment/CURA_TC_Make Appointment_providingDetails_002

17-02-2024T02:03:18 - [TEST_STEP][PASSED] - Start listener action : onTestCaseStart: null

17-02-2024T02:03:18 - [TEST_STEP][PASSED] - println(" I Am inside testcasestart Function "): null

17-02-2024T02:03:18 - [TEST_STEP][PASSED] - openBrowser(""): Browser is opened with url: ''

17-02-2024T02:03:18 - [MESSAGE][INFO] - Starting 'Chrome' driver

17-02-2024T02:03:18 - [MESSAGE][INFO] - Action delay is set to 0 milliseconds

17-02-2024T02:03:18 - [MESSAGE][PASSED] - Browser is opened with url: ''

17-02-2024T02:03:18 - [TEST_STEP][PASSED] - navigateToUrl("https://katalon-demo-cura.herokuapp.com/"): Navigate to 'https://katalon-demo-cura.herokuapp.com/' successfully

17-02-2024T02:04:09 - [MESSAGE][PASSED] - Navigate to 'https://katalon-demo-cura.herokuapp.com/' successfully

17-02-2024T02:04:09 - [TEST_STEP][PASSED] - click(findTestObject("Object Repository/CURA_TC_Make Appointment_providing Details_OR_002/Page_CURA Healthcare Service/a_Make Appointment")): Object: 'Object Repository/CURA_TC_Make Appointment_providing Details_OR_002/Page_CURA Healthcare Service/a_Make Appointment' is clicked on

17-02-2024T02:04:11 - [MESSAGE][PASSED] - Object: 'Object Repository/CURA_TC_Make Appointment_providing Details_OR_002/Page_CURA Healthcare Service/a_Make Appointment' is clicked on

17-02-2024T02:04:11 - [TEST_STEP][PASSED] - click(findTestObject("Object Repository/CURA_TC_Make Appointment_providing Details_OR_002/Page_CURA Healthcare Service/body_CURA Healthcare                       _fb9a78")): Object: 'Object Repository/CURA_TC_Make Appointment_providing Details_OR_002/Page_CURA Healthcare Service/body_CURA Healthcare                       _fb9a78' is clicked on

17-02-2024T02:04:11 - [MESSAGE][PASSED] - Object: 'Object Repository/CURA_TC_Make Appointment_providing Details_OR_002/Page_CURA Healthcare Service/body_CURA Healthcare                       _fb9a78' is clicked on

17-02-2024T02:04:11 - [TEST_STEP][PASSED] - setText(findTestObject("Object Repository/CURA_TC_Make Appointment_providing Details_OR_002/Page_CURA Healthcare Service/input_username"), "John Doe"): Text 'John Doe' is set on object 'Object Repository/CURA_TC_Make Appointment_providing Details_OR_002/Page_CURA Healthcare Service/input_username'

17-02-2024T02:04:12 - [MESSAGE][PASSED] - Text 'John Doe' is set on object 'Object Repository/CURA_TC_Make Appointment_providing Details_OR_002/Page_CURA Healthcare Service/input_username'

17-02-2024T02:04:12 - [TEST_STEP][PASSED] - setEncryptedText(findTestObject("Object Repository/CURA_TC_Make Appointment_providing Details_OR_002/Page_CURA Healthcare Service/input_password"), "g3/DOGG74jC3Flrr3yH+3D/yKbOqqUNM"): Text ****** has been set on object 'Object Repository/CURA_TC_Make Appointment_providing Details_OR_002/Page_CURA Healthcare Service/input_password'

17-02-2024T02:04:12 - [MESSAGE][PASSED] - Text ****** has been set on object 'Object Repository/CURA_TC_Make Appointment_providing Details_OR_002/Page_CURA Healthcare Service/input_password'

17-02-2024T02:04:12 - [TEST_STEP][PASSED] - click(findTestObject("Object Repository/CURA_TC_Make Appointment_providing Details_OR_002/Page_CURA Healthcare Service/button_Login")): Object: 'Object Repository/CURA_TC_Make Appointment_providing Details_OR_002/Page_CURA Healthcare Service/button_Login' is clicked on

17-02-2024T02:04:14 - [MESSAGE][PASSED] - Object: 'Object Repository/CURA_TC_Make Appointment_providing Details_OR_002/Page_CURA Healthcare Service/button_Login' is clicked on

17-02-2024T02:04:14 - [TEST_STEP][PASSED] - selectOptionByValue(findTestObject("Object Repository/CURA_TC_Make Appointment_providing Details_OR_002/Page_CURA Healthcare Service/select_Tokyo CURA Healthcare Center        _5b4107"), "Hongkong CURA Healthcare Center", true): All options with value 'Hongkong CURA Healthcare Center' are selected in object 'Object Repository/CURA_TC_Make Appointment_providing Details_OR_002/Page_CURA Healthcare Service/select_Tokyo CURA Healthcare Center        _5b4107'  using regular expression

17-02-2024T02:04:15 - [MESSAGE][PASSED] - All options with value 'Hongkong CURA Healthcare Center' are selected in object 'Object Repository/CURA_TC_Make Appointment_providing Details_OR_002/Page_CURA Healthcare Service/select_Tokyo CURA Healthcare Center        _5b4107'  using regular expression

17-02-2024T02:04:15 - [TEST_STEP][PASSED] - click(findTestObject("Object Repository/CURA_TC_Make Appointment_providing Details_OR_002/Page_CURA Healthcare Service/input_hospital_readmission")): Object: 'Object Repository/CURA_TC_Make Appointment_providing Details_OR_002/Page_CURA Healthcare Service/input_hospital_readmission' is clicked on

17-02-2024T02:04:16 - [MESSAGE][PASSED] - Object: 'Object Repository/CURA_TC_Make Appointment_providing Details_OR_002/Page_CURA Healthcare Service/input_hospital_readmission' is clicked on

17-02-2024T02:04:16 - [TEST_STEP][PASSED] - click(findTestObject("Object Repository/CURA_TC_Make Appointment_providing Details_OR_002/Page_CURA Healthcare Service/input_programs")): Object: 'Object Repository/CURA_TC_Make Appointment_providing Details_OR_002/Page_CURA Healthcare Service/input_programs' is clicked on

17-02-2024T02:04:16 - [MESSAGE][PASSED] - Object: 'Object Repository/CURA_TC_Make Appointment_providing Details_OR_002/Page_CURA Healthcare Service/input_programs' is clicked on

17-02-2024T02:04:16 - [TEST_STEP][PASSED] - click(findTestObject("Object Repository/CURA_TC_Make Appointment_providing Details_OR_002/Page_CURA Healthcare Service/input_visit_date")): Object: 'Object Repository/CURA_TC_Make Appointment_providing Details_OR_002/Page_CURA Healthcare Service/input_visit_date' is clicked on

17-02-2024T02:04:16 - [MESSAGE][PASSED] - Object: 'Object Repository/CURA_TC_Make Appointment_providing Details_OR_002/Page_CURA Healthcare Service/input_visit_date' is clicked on

17-02-2024T02:04:16 - [TEST_STEP][PASSED] - click(findTestObject("Object Repository/CURA_TC_Make Appointment_providing Details_OR_002/Page_CURA Healthcare Service/td_24")): Object: 'Object Repository/CURA_TC_Make Appointment_providing Details_OR_002/Page_CURA Healthcare Service/td_24' is clicked on

17-02-2024T02:04:17 - [MESSAGE][PASSED] - Object: 'Object Repository/CURA_TC_Make Appointment_providing Details_OR_002/Page_CURA Healthcare Service/td_24' is clicked on

17-02-2024T02:04:17 - [TEST_STEP][PASSED] - setText(findTestObject("Object Repository/CURA_TC_Make Appointment_providing Details_OR_002/Page_CURA Healthcare Service/textarea_comment"), "Booking Appointment"): Text 'Booking Appointment' is set on object 'Object Repository/CURA_TC_Make Appointment_providing Details_OR_002/Page_CURA Healthcare Service/textarea_comment'

17-02-2024T02:04:18 - [MESSAGE][PASSED] - Text 'Booking Appointment' is set on object 'Object Repository/CURA_TC_Make Appointment_providing Details_OR_002/Page_CURA Healthcare Service/textarea_comment'

17-02-2024T02:04:18 - [TEST_STEP][PASSED] - click(findTestObject("Object Repository/CURA_TC_Make Appointment_providing Details_OR_002/Page_CURA Healthcare Service/button_Book Appointment")): Object: 'Object Repository/CURA_TC_Make Appointment_providing Details_OR_002/Page_CURA Healthcare Service/button_Book Appointment' is clicked on

17-02-2024T02:04:19 - [MESSAGE][PASSED] - Object: 'Object Repository/CURA_TC_Make Appointment_providing Details_OR_002/Page_CURA Healthcare Service/button_Book Appointment' is clicked on

17-02-2024T02:04:19 - [TEST_STEP][PASSED] - sleep(4000): null

17-02-2024T02:04:23 - [TEST_STEP][PASSED] - closeBrowser(): Browser is closed

17-02-2024T02:04:23 - [MESSAGE][PASSED] - Browser is closed

17-02-2024T02:04:23 - [TEST_STEP][PASSED] - Start listener action : sampleAfterTestCase: null

17-02-2024T02:04:23 - [TEST_STEP][PASSED] - println(" I Am sampleAfterTestCase Function "): null]]></system-out>
         <system-err><![CDATA[]]></system-err>
      </testcase>
      <system-out><![CDATA[17-02-2024T02:02:05 - [TEST_SUITE][PASSED] - CURA_ Dynamic_TS_History_003: Test Cases/CURA_Test_Case/CURA_TC_Make Appointment/CURA_TC_Make Appointment_providingDetails_002]]></system-out>
      <system-err><![CDATA[]]></system-err>
   </testsuite>
</testsuites>
