<?xml version="1.0" encoding="UTF-8"?>
<testsuites name="New Test Suite Collection" time="28.389" tests="1" failures="0" errors="0">
   <testsuite name="CURA_CrossBrowser_TS_TestCloud_Valid_LogIn_001" tests="1" failures="0" errors="0" time="21.562" skipped="0" timestamp="14-02-2024T14:45:39" hostname="Lenovo - 192.168.1.4" id="Test Suites/CURA_CrossBrowser_TS_TestCloud/CURA_CrossBrowser_TS_TestCloud_Valid_LogIn_001">
      <properties>
         <property name="deviceName" value=""/>
         <property name="devicePlatform" value=""/>
         <property name="logFolder" value="C:\\Users\\Lenovo\\git\\Katalon_Automation_CURA_Health_Service\\Reports\\20240214_144529\\CURA_CrossBrowser_TS_TestCloud\\CURA_CrossBrowser_TS_TestCloud_Valid_LogIn_001\\20240214_144531"/>
         <property name="logFiles" value="C:\\Users\\Lenovo\\git\\Katalon_Automation_CURA_Health_Service\\Reports\\20240214_144529\\CURA_CrossBrowser_TS_TestCloud\\CURA_CrossBrowser_TS_TestCloud_Valid_LogIn_001\\20240214_144531\\execution0.log"/>
         <property name="attachments" value=""/>
         <property name="hostName" value="Lenovo - 192.168.1.4"/>
         <property name="os" value="Windows 11 64bit"/>
         <property name="katalonVersion" value="9.2.0.212"/>
         <property name="browser" value="Chrome 121.0.0.0"/>
         <property name="hostAddress" value="192.168.1.4"/>
         <property name="sessionId" value="6898cf0b6d297fbfdb261a93ca51fdc8"/>
         <property name="seleniumVersion" value="3.141.59"/>
         <property name="proxyInformation" value="ProxyInformation { proxyOption=NO_PROXY, proxyServerType=HTTP, username=, password=********, proxyServerAddress=, proxyServerPort=0, executionList=&quot;&quot;, isApplyToDesiredCapabilities=true }"/>
         <property name="platform" value="Windows 11"/>
      </properties>
      <testcase name="Test Cases/CURA_CrossBrowesr_TestCloud/CURA_CrossBrower_TestColud_Valid_Login_001" time="21.117" classname="Test Cases/CURA_CrossBrowesr_TestCloud/CURA_CrossBrower_TestColud_Valid_Login_001" status="PASSED">
         <system-out><![CDATA[14-02-2024T14:45:40 - [TEST_CASE][PASSED] - Test Cases/CURA_CrossBrowesr_TestCloud/CURA_CrossBrower_TestColud_Valid_Login_001: Test Cases/CURA_CrossBrowesr_TestCloud/CURA_CrossBrower_TestColud_Valid_Login_001

14-02-2024T14:45:40 - [TEST_STEP][PASSED] - openBrowser(""): Browser is opened with url: ''

14-02-2024T14:45:41 - [MESSAGE][INFO] - Starting 'Chrome' driver

14-02-2024T14:45:41 - [MESSAGE][INFO] - Action delay is set to 0 milliseconds

14-02-2024T14:45:43 - [MESSAGE][PASSED] - Browser is opened with url: ''

14-02-2024T14:45:43 - [TEST_STEP][PASSED] - navigateToUrl("https://katalon-demo-cura.herokuapp.com/"): Navigate to 'https://katalon-demo-cura.herokuapp.com/' successfully

14-02-2024T14:45:56 - [MESSAGE][PASSED] - Navigate to 'https://katalon-demo-cura.herokuapp.com/' successfully

14-02-2024T14:45:56 - [TEST_STEP][PASSED] - click(findTestObject("Object Repository/CURA_Pages_Login_ValidUser_Name_OR_001/Page_CURA Healthcare Service/a_Make Appointment")): Object: 'Object Repository/CURA_Pages_Login_ValidUser_Name_OR_001/Page_CURA Healthcare Service/a_Make Appointment' is clicked on

14-02-2024T14:45:58 - [MESSAGE][PASSED] - Object: 'Object Repository/CURA_Pages_Login_ValidUser_Name_OR_001/Page_CURA Healthcare Service/a_Make Appointment' is clicked on

14-02-2024T14:45:58 - [TEST_STEP][PASSED] - setText(findTestObject("Object Repository/CURA_Pages_Login_ValidUser_Name_OR_001/Page_CURA Healthcare Service/input_username"), "John Doe"): Text 'John Doe' is set on object 'Object Repository/CURA_Pages_Login_ValidUser_Name_OR_001/Page_CURA Healthcare Service/input_username'

14-02-2024T14:45:59 - [MESSAGE][PASSED] - Text 'John Doe' is set on object 'Object Repository/CURA_Pages_Login_ValidUser_Name_OR_001/Page_CURA Healthcare Service/input_username'

14-02-2024T14:45:59 - [TEST_STEP][PASSED] - setEncryptedText(findTestObject("Object Repository/CURA_Pages_Login_ValidUser_Name_OR_001/Page_CURA Healthcare Service/input_password"), "g3/DOGG74jC3Flrr3yH+3D/yKbOqqUNM"): Text ****** has been set on object 'Object Repository/CURA_Pages_Login_ValidUser_Name_OR_001/Page_CURA Healthcare Service/input_password'

14-02-2024T14:45:59 - [MESSAGE][PASSED] - Text ****** has been set on object 'Object Repository/CURA_Pages_Login_ValidUser_Name_OR_001/Page_CURA Healthcare Service/input_password'

14-02-2024T14:45:59 - [TEST_STEP][PASSED] - click(findTestObject("Object Repository/CURA_Pages_Login_ValidUser_Name_OR_001/Page_CURA Healthcare Service/button_Login")): Object: 'Object Repository/CURA_Pages_Login_ValidUser_Name_OR_001/Page_CURA Healthcare Service/button_Login' is clicked on

14-02-2024T14:46:01 - [MESSAGE][PASSED] - Object: 'Object Repository/CURA_Pages_Login_ValidUser_Name_OR_001/Page_CURA Healthcare Service/button_Login' is clicked on

14-02-2024T14:46:01 - [TEST_STEP][PASSED] - closeBrowser(): Browser is closed

14-02-2024T14:46:01 - [MESSAGE][PASSED] - Browser is closed]]></system-out>
         <system-err><![CDATA[]]></system-err>
      </testcase>
      <system-out><![CDATA[14-02-2024T14:45:39 - [TEST_SUITE][PASSED] - CURA_CrossBrowser_TS_TestCloud_Valid_LogIn_001: Test Cases/CURA_CrossBrowesr_TestCloud/CURA_CrossBrower_TestColud_Valid_Login_001]]></system-out>
      <system-err><![CDATA[]]></system-err>
   </testsuite>
</testsuites>
