<?xml version="1.0" encoding="UTF-8"?>
<testsuites name="CURA_Basic_TS_History_003" time="249.846" tests="3" failures="0" errors="0">
   <testsuite name="CURA_Basic_TS_History_003" tests="3" failures="0" errors="0" time="249.846" skipped="0" timestamp="17-02-2024T02:04:29" hostname="Lenovo - Durgesh" id="Test Suites/CURA_Test_Suites_History/CURA_Basic_TS_History_003">
      <properties>
         <property name="deviceName" value=""/>
         <property name="devicePlatform" value=""/>
         <property name="logFolder" value="C:\\Users\\Lenovo\\git\\Katalon_Automation_CURA_Health_Service\\Reports\\20240217_020155\\CURA_Test_Suites_History\\CURA_Basic_TS_History_003\\20240217_020158"/>
         <property name="logFiles" value="C:\\Users\\Lenovo\\git\\Katalon_Automation_CURA_Health_Service\\Reports\\20240217_020155\\CURA_Test_Suites_History\\CURA_Basic_TS_History_003\\20240217_020158\\execution0.log"/>
         <property name="attachments" value=""/>
         <property name="hostName" value="Lenovo - Durgesh"/>
         <property name="os" value="Windows 11 64bit"/>
         <property name="katalonVersion" value="9.2.0.212"/>
         <property name="browser" value="Edge Chromium 121"/>
         <property name="hostAddress" value="192.168.43.195"/>
         <property name="sessionId" value="866d1160d3b6cee544b71594f750d120"/>
         <property name="seleniumVersion" value="3.141.59"/>
         <property name="proxyInformation" value="ProxyInformation { proxyOption=NO_PROXY, proxyServerType=HTTP, username=, password=********, proxyServerAddress=, proxyServerPort=0, executionList=&quot;&quot;, isApplyToDesiredCapabilities=true }"/>
         <property name="platform" value="Windows 11"/>
      </properties>
      <testcase name="Test Cases/CURA_Test_Case/CURA_TC_Login/CURA_TC_Login_ValidUser_Name_001" time="59.403" classname="Test Cases/CURA_Test_Case/CURA_TC_Login/CURA_TC_Login_ValidUser_Name_001" status="PASSED">
         <system-out><![CDATA[17-02-2024T02:04:29 - [TEST_CASE][PASSED] - Test Cases/CURA_Test_Case/CURA_TC_Login/CURA_TC_Login_ValidUser_Name_001: Test Cases/CURA_Test_Case/CURA_TC_Login/CURA_TC_Login_ValidUser_Name_001

17-02-2024T02:04:29 - [TEST_STEP][PASSED] - Start listener action : onTestCaseStart: null

17-02-2024T02:04:29 - [TEST_STEP][PASSED] - println(" I Am inside testcasestart Function "): null

17-02-2024T02:04:29 - [TEST_STEP][PASSED] - openBrowser(""): Browser is opened with url: ''

17-02-2024T02:04:30 - [MESSAGE][INFO] - Starting 'Edge Chromium' driver

17-02-2024T02:04:30 - [MESSAGE][INFO] - Action delay is set to 0 milliseconds

17-02-2024T02:04:31 - [MESSAGE][PASSED] - Browser is opened with url: ''

17-02-2024T02:04:31 - [TEST_STEP][PASSED] - navigateToUrl("https://katalon-demo-cura.herokuapp.com/"): Navigate to 'https://katalon-demo-cura.herokuapp.com/' successfully

17-02-2024T02:05:21 - [MESSAGE][PASSED] - Navigate to 'https://katalon-demo-cura.herokuapp.com/' successfully

17-02-2024T02:05:21 - [TEST_STEP][PASSED] - click(findTestObject("Object Repository/CURA_Pages_Login_ValidUser_Name_OR_001/Page_CURA Healthcare Service/a_Make Appointment")): Object: 'Object Repository/CURA_Pages_Login_ValidUser_Name_OR_001/Page_CURA Healthcare Service/a_Make Appointment' is clicked on

17-02-2024T02:05:24 - [MESSAGE][PASSED] - Object: 'Object Repository/CURA_Pages_Login_ValidUser_Name_OR_001/Page_CURA Healthcare Service/a_Make Appointment' is clicked on

17-02-2024T02:05:24 - [TEST_STEP][PASSED] - setText(findTestObject("Object Repository/CURA_Pages_Login_ValidUser_Name_OR_001/Page_CURA Healthcare Service/input_username"), "John Doe"): Text 'John Doe' is set on object 'Object Repository/CURA_Pages_Login_ValidUser_Name_OR_001/Page_CURA Healthcare Service/input_username'

17-02-2024T02:05:25 - [MESSAGE][PASSED] - Text 'John Doe' is set on object 'Object Repository/CURA_Pages_Login_ValidUser_Name_OR_001/Page_CURA Healthcare Service/input_username'

17-02-2024T02:05:25 - [TEST_STEP][PASSED] - setEncryptedText(findTestObject("Object Repository/CURA_Pages_Login_ValidUser_Name_OR_001/Page_CURA Healthcare Service/input_password"), "g3/DOGG74jC3Flrr3yH+3D/yKbOqqUNM"): Text ****** has been set on object 'Object Repository/CURA_Pages_Login_ValidUser_Name_OR_001/Page_CURA Healthcare Service/input_password'

17-02-2024T02:05:25 - [MESSAGE][PASSED] - Text ****** has been set on object 'Object Repository/CURA_Pages_Login_ValidUser_Name_OR_001/Page_CURA Healthcare Service/input_password'

17-02-2024T02:05:25 - [TEST_STEP][PASSED] - click(findTestObject("Object Repository/CURA_Pages_Login_ValidUser_Name_OR_001/Page_CURA Healthcare Service/button_Login")): Object: 'Object Repository/CURA_Pages_Login_ValidUser_Name_OR_001/Page_CURA Healthcare Service/button_Login' is clicked on

17-02-2024T02:05:28 - [MESSAGE][PASSED] - Object: 'Object Repository/CURA_Pages_Login_ValidUser_Name_OR_001/Page_CURA Healthcare Service/button_Login' is clicked on

17-02-2024T02:05:28 - [TEST_STEP][PASSED] - closeBrowser(): Browser is closed

17-02-2024T02:05:28 - [MESSAGE][PASSED] - Browser is closed

17-02-2024T02:05:28 - [TEST_STEP][PASSED] - Start listener action : sampleAfterTestCase: null

17-02-2024T02:05:28 - [TEST_STEP][PASSED] - println(" I Am sampleAfterTestCase Function "): null]]></system-out>
         <system-err><![CDATA[]]></system-err>
      </testcase>
      <testcase name="Test Cases/CURA_Test_Case/CURA_TC_Histosy/CURA_TC_Booked_Appointment_History_003" time="126.26" classname="Test Cases/CURA_Test_Case/CURA_TC_Histosy/CURA_TC_Booked_Appointment_History_003" status="PASSED">
         <system-out><![CDATA[17-02-2024T02:05:28 - [TEST_CASE][PASSED] - Test Cases/CURA_Test_Case/CURA_TC_Histosy/CURA_TC_Booked_Appointment_History_003: Test Cases/CURA_Test_Case/CURA_TC_Histosy/CURA_TC_Booked_Appointment_History_003

17-02-2024T02:05:28 - [TEST_STEP][PASSED] - Start listener action : onTestCaseStart: null

17-02-2024T02:05:28 - [TEST_STEP][PASSED] - println(" I Am inside testcasestart Function "): null

17-02-2024T02:05:29 - [TEST_STEP][PASSED] - openBrowser(""): Browser is opened with url: ''

17-02-2024T02:05:29 - [MESSAGE][INFO] - Starting 'Edge Chromium' driver

17-02-2024T02:05:29 - [MESSAGE][INFO] - Action delay is set to 0 milliseconds

17-02-2024T02:05:29 - [MESSAGE][PASSED] - Browser is opened with url: ''

17-02-2024T02:05:29 - [TEST_STEP][PASSED] - navigateToUrl("https://katalon-demo-cura.herokuapp.com/"): Navigate to 'https://katalon-demo-cura.herokuapp.com/' successfully

17-02-2024T02:06:56 - [MESSAGE][PASSED] - Navigate to 'https://katalon-demo-cura.herokuapp.com/' successfully

17-02-2024T02:06:56 - [TEST_STEP][PASSED] - click(findTestObject("Object Repository/CURA_Pages_History_Details_OR_003/Page_CURA Healthcare Service/a_Make Appointment")): Object: 'Object Repository/CURA_Pages_History_Details_OR_003/Page_CURA Healthcare Service/a_Make Appointment' is clicked on

17-02-2024T02:06:58 - [MESSAGE][PASSED] - Object: 'Object Repository/CURA_Pages_History_Details_OR_003/Page_CURA Healthcare Service/a_Make Appointment' is clicked on

17-02-2024T02:06:58 - [TEST_STEP][PASSED] - setText(findTestObject("Object Repository/CURA_Pages_History_Details_OR_003/Page_CURA Healthcare Service/input_username"), "John Doe"): Text 'John Doe' is set on object 'Object Repository/CURA_Pages_History_Details_OR_003/Page_CURA Healthcare Service/input_username'

17-02-2024T02:06:58 - [MESSAGE][PASSED] - Text 'John Doe' is set on object 'Object Repository/CURA_Pages_History_Details_OR_003/Page_CURA Healthcare Service/input_username'

17-02-2024T02:06:58 - [TEST_STEP][PASSED] - setEncryptedText(findTestObject("Object Repository/CURA_Pages_History_Details_OR_003/Page_CURA Healthcare Service/input_password"), "g3/DOGG74jC3Flrr3yH+3D/yKbOqqUNM"): Text ****** has been set on object 'Object Repository/CURA_Pages_History_Details_OR_003/Page_CURA Healthcare Service/input_password'

17-02-2024T02:06:59 - [MESSAGE][PASSED] - Text ****** has been set on object 'Object Repository/CURA_Pages_History_Details_OR_003/Page_CURA Healthcare Service/input_password'

17-02-2024T02:06:59 - [TEST_STEP][PASSED] - click(findTestObject("Object Repository/CURA_Pages_History_Details_OR_003/Page_CURA Healthcare Service/button_Login")): Object: 'Object Repository/CURA_Pages_History_Details_OR_003/Page_CURA Healthcare Service/button_Login' is clicked on

17-02-2024T02:07:01 - [MESSAGE][PASSED] - Object: 'Object Repository/CURA_Pages_History_Details_OR_003/Page_CURA Healthcare Service/button_Login' is clicked on

17-02-2024T02:07:01 - [TEST_STEP][PASSED] - selectOptionByValue(findTestObject("Object Repository/CURA_Pages_History_Details_OR_003/Page_CURA Healthcare Service/select_Tokyo CURA Healthcare Center        _5b4107"), "Hongkong CURA Healthcare Center", true): All options with value 'Hongkong CURA Healthcare Center' are selected in object 'Object Repository/CURA_Pages_History_Details_OR_003/Page_CURA Healthcare Service/select_Tokyo CURA Healthcare Center        _5b4107'  using regular expression

17-02-2024T02:07:02 - [MESSAGE][PASSED] - All options with value 'Hongkong CURA Healthcare Center' are selected in object 'Object Repository/CURA_Pages_History_Details_OR_003/Page_CURA Healthcare Service/select_Tokyo CURA Healthcare Center        _5b4107'  using regular expression

17-02-2024T02:07:02 - [TEST_STEP][PASSED] - click(findTestObject("Object Repository/CURA_Pages_History_Details_OR_003/Page_CURA Healthcare Service/label_Apply for hospital readmission")): Object: 'Object Repository/CURA_Pages_History_Details_OR_003/Page_CURA Healthcare Service/label_Apply for hospital readmission' is clicked on

17-02-2024T02:07:02 - [MESSAGE][PASSED] - Object: 'Object Repository/CURA_Pages_History_Details_OR_003/Page_CURA Healthcare Service/label_Apply for hospital readmission' is clicked on

17-02-2024T02:07:02 - [TEST_STEP][PASSED] - click(findTestObject("Object Repository/CURA_Pages_History_Details_OR_003/Page_CURA Healthcare Service/input_programs")): Object: 'Object Repository/CURA_Pages_History_Details_OR_003/Page_CURA Healthcare Service/input_programs' is clicked on

17-02-2024T02:07:02 - [MESSAGE][PASSED] - Object: 'Object Repository/CURA_Pages_History_Details_OR_003/Page_CURA Healthcare Service/input_programs' is clicked on

17-02-2024T02:07:02 - [TEST_STEP][PASSED] - click(findTestObject("Object Repository/CURA_Pages_History_Details_OR_003/Page_CURA Healthcare Service/input_visit_date")): Object: 'Object Repository/CURA_Pages_History_Details_OR_003/Page_CURA Healthcare Service/input_visit_date' is clicked on

17-02-2024T02:07:03 - [MESSAGE][PASSED] - Object: 'Object Repository/CURA_Pages_History_Details_OR_003/Page_CURA Healthcare Service/input_visit_date' is clicked on

17-02-2024T02:07:03 - [TEST_STEP][PASSED] - click(findTestObject("Object Repository/CURA_Pages_History_Details_OR_003/Page_CURA Healthcare Service/td_22")): Object: 'Object Repository/CURA_Pages_History_Details_OR_003/Page_CURA Healthcare Service/td_22' is clicked on

17-02-2024T02:07:03 - [MESSAGE][PASSED] - Object: 'Object Repository/CURA_Pages_History_Details_OR_003/Page_CURA Healthcare Service/td_22' is clicked on

17-02-2024T02:07:03 - [TEST_STEP][PASSED] - setText(findTestObject("Object Repository/CURA_Pages_History_Details_OR_003/Page_CURA Healthcare Service/textarea_comment"), "Booked Appointment"): Text 'Booked Appointment' is set on object 'Object Repository/CURA_Pages_History_Details_OR_003/Page_CURA Healthcare Service/textarea_comment'

17-02-2024T02:07:04 - [MESSAGE][PASSED] - Text 'Booked Appointment' is set on object 'Object Repository/CURA_Pages_History_Details_OR_003/Page_CURA Healthcare Service/textarea_comment'

17-02-2024T02:07:04 - [TEST_STEP][PASSED] - click(findTestObject("Object Repository/CURA_Pages_History_Details_OR_003/Page_CURA Healthcare Service/button_Book Appointment")): Object: 'Object Repository/CURA_Pages_History_Details_OR_003/Page_CURA Healthcare Service/button_Book Appointment' is clicked on

17-02-2024T02:07:06 - [MESSAGE][PASSED] - Object: 'Object Repository/CURA_Pages_History_Details_OR_003/Page_CURA Healthcare Service/button_Book Appointment' is clicked on

17-02-2024T02:07:06 - [TEST_STEP][PASSED] - click(findTestObject("Object Repository/CURA_Pages_History_Details_OR_003/Page_CURA Healthcare Service/i_fa fa-bars")): Object: 'Object Repository/CURA_Pages_History_Details_OR_003/Page_CURA Healthcare Service/i_fa fa-bars' is clicked on

17-02-2024T02:07:06 - [MESSAGE][PASSED] - Object: 'Object Repository/CURA_Pages_History_Details_OR_003/Page_CURA Healthcare Service/i_fa fa-bars' is clicked on

17-02-2024T02:07:06 - [TEST_STEP][PASSED] - click(findTestObject("Object Repository/CURA_Pages_History_Details_OR_003/Page_CURA Healthcare Service/a_History")): Object: 'Object Repository/CURA_Pages_History_Details_OR_003/Page_CURA Healthcare Service/a_History' is clicked on

17-02-2024T02:07:30 - [MESSAGE][PASSED] - Object: 'Object Repository/CURA_Pages_History_Details_OR_003/Page_CURA Healthcare Service/a_History' is clicked on

17-02-2024T02:07:30 - [TEST_STEP][PASSED] - sleep(4000): null

17-02-2024T02:07:34 - [TEST_STEP][PASSED] - closeBrowser(): Browser is closed

17-02-2024T02:07:35 - [MESSAGE][PASSED] - Browser is closed

17-02-2024T02:07:35 - [TEST_STEP][PASSED] - Start listener action : sampleAfterTestCase: null

17-02-2024T02:07:35 - [TEST_STEP][PASSED] - println(" I Am sampleAfterTestCase Function "): null]]></system-out>
         <system-err><![CDATA[]]></system-err>
      </testcase>
      <testcase name="Test Cases/CURA_Test_Case/CURA_TC_Make Appointment/CURA_TC_Make Appointment_providingDetails_002" time="63.88" classname="Test Cases/CURA_Test_Case/CURA_TC_Make Appointment/CURA_TC_Make Appointment_providingDetails_002" status="PASSED">
         <system-out><![CDATA[17-02-2024T02:07:35 - [TEST_CASE][PASSED] - Test Cases/CURA_Test_Case/CURA_TC_Make Appointment/CURA_TC_Make Appointment_providingDetails_002: Test Cases/CURA_Test_Case/CURA_TC_Make Appointment/CURA_TC_Make Appointment_providingDetails_002

17-02-2024T02:07:35 - [TEST_STEP][PASSED] - Start listener action : onTestCaseStart: null

17-02-2024T02:07:35 - [TEST_STEP][PASSED] - println(" I Am inside testcasestart Function "): null

17-02-2024T02:07:35 - [TEST_STEP][PASSED] - openBrowser(""): Browser is opened with url: ''

17-02-2024T02:07:35 - [MESSAGE][INFO] - Starting 'Edge Chromium' driver

17-02-2024T02:07:35 - [MESSAGE][INFO] - Action delay is set to 0 milliseconds

17-02-2024T02:07:36 - [MESSAGE][PASSED] - Browser is opened with url: ''

17-02-2024T02:07:36 - [TEST_STEP][PASSED] - navigateToUrl("https://katalon-demo-cura.herokuapp.com/"): Navigate to 'https://katalon-demo-cura.herokuapp.com/' successfully

17-02-2024T02:08:23 - [MESSAGE][PASSED] - Navigate to 'https://katalon-demo-cura.herokuapp.com/' successfully

17-02-2024T02:08:23 - [TEST_STEP][PASSED] - click(findTestObject("Object Repository/CURA_TC_Make Appointment_providing Details_OR_002/Page_CURA Healthcare Service/a_Make Appointment")): Object: 'Object Repository/CURA_TC_Make Appointment_providing Details_OR_002/Page_CURA Healthcare Service/a_Make Appointment' is clicked on

17-02-2024T02:08:27 - [MESSAGE][PASSED] - Object: 'Object Repository/CURA_TC_Make Appointment_providing Details_OR_002/Page_CURA Healthcare Service/a_Make Appointment' is clicked on

17-02-2024T02:08:27 - [TEST_STEP][PASSED] - click(findTestObject("Object Repository/CURA_TC_Make Appointment_providing Details_OR_002/Page_CURA Healthcare Service/body_CURA Healthcare                       _fb9a78")): Object: 'Object Repository/CURA_TC_Make Appointment_providing Details_OR_002/Page_CURA Healthcare Service/body_CURA Healthcare                       _fb9a78' is clicked on

17-02-2024T02:08:27 - [MESSAGE][PASSED] - Object: 'Object Repository/CURA_TC_Make Appointment_providing Details_OR_002/Page_CURA Healthcare Service/body_CURA Healthcare                       _fb9a78' is clicked on

17-02-2024T02:08:27 - [TEST_STEP][PASSED] - setText(findTestObject("Object Repository/CURA_TC_Make Appointment_providing Details_OR_002/Page_CURA Healthcare Service/input_username"), "John Doe"): Text 'John Doe' is set on object 'Object Repository/CURA_TC_Make Appointment_providing Details_OR_002/Page_CURA Healthcare Service/input_username'

17-02-2024T02:08:28 - [MESSAGE][PASSED] - Text 'John Doe' is set on object 'Object Repository/CURA_TC_Make Appointment_providing Details_OR_002/Page_CURA Healthcare Service/input_username'

17-02-2024T02:08:28 - [TEST_STEP][PASSED] - setEncryptedText(findTestObject("Object Repository/CURA_TC_Make Appointment_providing Details_OR_002/Page_CURA Healthcare Service/input_password"), "g3/DOGG74jC3Flrr3yH+3D/yKbOqqUNM"): Text ****** has been set on object 'Object Repository/CURA_TC_Make Appointment_providing Details_OR_002/Page_CURA Healthcare Service/input_password'

17-02-2024T02:08:28 - [MESSAGE][PASSED] - Text ****** has been set on object 'Object Repository/CURA_TC_Make Appointment_providing Details_OR_002/Page_CURA Healthcare Service/input_password'

17-02-2024T02:08:28 - [TEST_STEP][PASSED] - click(findTestObject("Object Repository/CURA_TC_Make Appointment_providing Details_OR_002/Page_CURA Healthcare Service/button_Login")): Object: 'Object Repository/CURA_TC_Make Appointment_providing Details_OR_002/Page_CURA Healthcare Service/button_Login' is clicked on

17-02-2024T02:08:29 - [MESSAGE][PASSED] - Object: 'Object Repository/CURA_TC_Make Appointment_providing Details_OR_002/Page_CURA Healthcare Service/button_Login' is clicked on

17-02-2024T02:08:29 - [TEST_STEP][PASSED] - selectOptionByValue(findTestObject("Object Repository/CURA_TC_Make Appointment_providing Details_OR_002/Page_CURA Healthcare Service/select_Tokyo CURA Healthcare Center        _5b4107"), "Hongkong CURA Healthcare Center", true): All options with value 'Hongkong CURA Healthcare Center' are selected in object 'Object Repository/CURA_TC_Make Appointment_providing Details_OR_002/Page_CURA Healthcare Service/select_Tokyo CURA Healthcare Center        _5b4107'  using regular expression

17-02-2024T02:08:30 - [MESSAGE][PASSED] - All options with value 'Hongkong CURA Healthcare Center' are selected in object 'Object Repository/CURA_TC_Make Appointment_providing Details_OR_002/Page_CURA Healthcare Service/select_Tokyo CURA Healthcare Center        _5b4107'  using regular expression

17-02-2024T02:08:30 - [TEST_STEP][PASSED] - click(findTestObject("Object Repository/CURA_TC_Make Appointment_providing Details_OR_002/Page_CURA Healthcare Service/input_hospital_readmission")): Object: 'Object Repository/CURA_TC_Make Appointment_providing Details_OR_002/Page_CURA Healthcare Service/input_hospital_readmission' is clicked on

17-02-2024T02:08:31 - [MESSAGE][PASSED] - Object: 'Object Repository/CURA_TC_Make Appointment_providing Details_OR_002/Page_CURA Healthcare Service/input_hospital_readmission' is clicked on

17-02-2024T02:08:31 - [TEST_STEP][PASSED] - click(findTestObject("Object Repository/CURA_TC_Make Appointment_providing Details_OR_002/Page_CURA Healthcare Service/input_programs")): Object: 'Object Repository/CURA_TC_Make Appointment_providing Details_OR_002/Page_CURA Healthcare Service/input_programs' is clicked on

17-02-2024T02:08:31 - [MESSAGE][PASSED] - Object: 'Object Repository/CURA_TC_Make Appointment_providing Details_OR_002/Page_CURA Healthcare Service/input_programs' is clicked on

17-02-2024T02:08:31 - [TEST_STEP][PASSED] - click(findTestObject("Object Repository/CURA_TC_Make Appointment_providing Details_OR_002/Page_CURA Healthcare Service/input_visit_date")): Object: 'Object Repository/CURA_TC_Make Appointment_providing Details_OR_002/Page_CURA Healthcare Service/input_visit_date' is clicked on

17-02-2024T02:08:31 - [MESSAGE][PASSED] - Object: 'Object Repository/CURA_TC_Make Appointment_providing Details_OR_002/Page_CURA Healthcare Service/input_visit_date' is clicked on

17-02-2024T02:08:31 - [TEST_STEP][PASSED] - click(findTestObject("Object Repository/CURA_TC_Make Appointment_providing Details_OR_002/Page_CURA Healthcare Service/td_24")): Object: 'Object Repository/CURA_TC_Make Appointment_providing Details_OR_002/Page_CURA Healthcare Service/td_24' is clicked on

17-02-2024T02:08:32 - [MESSAGE][PASSED] - Object: 'Object Repository/CURA_TC_Make Appointment_providing Details_OR_002/Page_CURA Healthcare Service/td_24' is clicked on

17-02-2024T02:08:32 - [TEST_STEP][PASSED] - setText(findTestObject("Object Repository/CURA_TC_Make Appointment_providing Details_OR_002/Page_CURA Healthcare Service/textarea_comment"), "Booking Appointment"): Text 'Booking Appointment' is set on object 'Object Repository/CURA_TC_Make Appointment_providing Details_OR_002/Page_CURA Healthcare Service/textarea_comment'

17-02-2024T02:08:33 - [MESSAGE][PASSED] - Text 'Booking Appointment' is set on object 'Object Repository/CURA_TC_Make Appointment_providing Details_OR_002/Page_CURA Healthcare Service/textarea_comment'

17-02-2024T02:08:33 - [TEST_STEP][PASSED] - click(findTestObject("Object Repository/CURA_TC_Make Appointment_providing Details_OR_002/Page_CURA Healthcare Service/button_Book Appointment")): Object: 'Object Repository/CURA_TC_Make Appointment_providing Details_OR_002/Page_CURA Healthcare Service/button_Book Appointment' is clicked on

17-02-2024T02:08:34 - [MESSAGE][PASSED] - Object: 'Object Repository/CURA_TC_Make Appointment_providing Details_OR_002/Page_CURA Healthcare Service/button_Book Appointment' is clicked on

17-02-2024T02:08:34 - [TEST_STEP][PASSED] - sleep(4000): null

17-02-2024T02:08:38 - [TEST_STEP][PASSED] - closeBrowser(): Browser is closed

17-02-2024T02:08:39 - [MESSAGE][PASSED] - Browser is closed

17-02-2024T02:08:39 - [TEST_STEP][PASSED] - Start listener action : sampleAfterTestCase: null

17-02-2024T02:08:39 - [TEST_STEP][PASSED] - println(" I Am sampleAfterTestCase Function "): null]]></system-out>
         <system-err><![CDATA[]]></system-err>
      </testcase>
      <system-out><![CDATA[17-02-2024T02:04:29 - [TEST_SUITE][PASSED] - CURA_Basic_TS_History_003: Test Cases/CURA_Test_Case/CURA_TC_Make Appointment/CURA_TC_Make Appointment_providingDetails_002]]></system-out>
      <system-err><![CDATA[]]></system-err>
   </testsuite>
</testsuites>
