<?xml version="1.0" encoding="UTF-8"?>
<testsuites name="CURA_TS_Collection_CrossBrowser_Logout_004" time="391.633" tests="6" failures="0" errors="0">
   <testsuite name="CURA_TS_Basic_Make Appointment_Providing Details_002" tests="4" failures="0" errors="0" time="261.119" skipped="0" timestamp="17-02-2024T02:13:23" hostname="Lenovo - Durgesh" id="Test Suites/CURA_Test_Suite_Make Appointment/CURA_TS_Basic_Make Appointment_Providing Details_002">
      <properties>
         <property name="deviceName" value=""/>
         <property name="devicePlatform" value=""/>
         <property name="logFolder" value="C:\\Users\\Lenovo\\git\\Katalon_Automation_CURA_Health_Service\\Reports\\20240217_021313\\CURA_Test_Suite_Make Appointment\\CURA_TS_Basic_Make Appointment_Providing Details_002\\20240217_021314"/>
         <property name="logFiles" value="C:\\Users\\Lenovo\\git\\Katalon_Automation_CURA_Health_Service\\Reports\\20240217_021313\\CURA_Test_Suite_Make Appointment\\CURA_TS_Basic_Make Appointment_Providing Details_002\\20240217_021314\\execution0.log"/>
         <property name="attachments" value=""/>
         <property name="hostName" value="Lenovo - Durgesh"/>
         <property name="os" value="Windows 11 64bit"/>
         <property name="katalonVersion" value="9.2.0.212"/>
         <property name="browser" value="Firefox 122.0"/>
         <property name="hostAddress" value="192.168.43.195"/>
         <property name="sessionId" value="b7ebdee0-fef0-4fcf-8927-9c8cd9449ab2"/>
         <property name="seleniumVersion" value="3.141.59"/>
         <property name="proxyInformation" value="ProxyInformation { proxyOption=NO_PROXY, proxyServerType=HTTP, username=, password=********, proxyServerAddress=, proxyServerPort=0, executionList=&quot;&quot;, isApplyToDesiredCapabilities=true }"/>
         <property name="platform" value="Windows 11"/>
      </properties>
      <testcase name="Test Cases/CURA_Test_Case/CURA_TC_Login/CURA_TC_Login_InvalidUser_Name_001" time="67.44" classname="Test Cases/CURA_Test_Case/CURA_TC_Login/CURA_TC_Login_InvalidUser_Name_001" status="PASSED">
         <system-out><![CDATA[17-02-2024T02:13:23 - [TEST_CASE][PASSED] - Test Cases/CURA_Test_Case/CURA_TC_Login/CURA_TC_Login_InvalidUser_Name_001: Test Cases/CURA_Test_Case/CURA_TC_Login/CURA_TC_Login_InvalidUser_Name_001

17-02-2024T02:13:23 - [TEST_STEP][PASSED] - Start listener action : onTestCaseStart: null

17-02-2024T02:13:23 - [TEST_STEP][PASSED] - println(" I Am inside testcasestart Function "): null

17-02-2024T02:13:23 - [TEST_STEP][PASSED] - openBrowser(""): Browser is opened with url: ''

17-02-2024T02:13:24 - [MESSAGE][INFO] - Starting 'Firefox' driver

17-02-2024T02:13:24 - [MESSAGE][INFO] - Action delay is set to 0 milliseconds

17-02-2024T02:13:28 - [MESSAGE][PASSED] - Browser is opened with url: ''

17-02-2024T02:13:28 - [TEST_STEP][PASSED] - navigateToUrl("https://katalon-demo-cura.herokuapp.com/"): Navigate to 'https://katalon-demo-cura.herokuapp.com/' successfully

17-02-2024T02:14:20 - [MESSAGE][PASSED] - Navigate to 'https://katalon-demo-cura.herokuapp.com/' successfully

17-02-2024T02:14:20 - [TEST_STEP][PASSED] - click(findTestObject("Object Repository/CURA_Pages_LogIn_InvalidUser_Name_OR_001/Page_CURA Healthcare Service/a_Make Appointment")): Object: 'Object Repository/CURA_Pages_LogIn_InvalidUser_Name_OR_001/Page_CURA Healthcare Service/a_Make Appointment' is clicked on

17-02-2024T02:14:26 - [MESSAGE][PASSED] - Object: 'Object Repository/CURA_Pages_LogIn_InvalidUser_Name_OR_001/Page_CURA Healthcare Service/a_Make Appointment' is clicked on

17-02-2024T02:14:26 - [TEST_STEP][PASSED] - setText(findTestObject("Object Repository/CURA_Pages_LogIn_InvalidUser_Name_OR_001/Page_CURA Healthcare Service/input_username"), "John DOe"): Text 'John DOe' is set on object 'Object Repository/CURA_Pages_LogIn_InvalidUser_Name_OR_001/Page_CURA Healthcare Service/input_username'

17-02-2024T02:14:27 - [MESSAGE][PASSED] - Text 'John DOe' is set on object 'Object Repository/CURA_Pages_LogIn_InvalidUser_Name_OR_001/Page_CURA Healthcare Service/input_username'

17-02-2024T02:14:27 - [TEST_STEP][PASSED] - setEncryptedText(findTestObject("Object Repository/CURA_Pages_LogIn_InvalidUser_Name_OR_001/Page_CURA Healthcare Service/input_password"), "g3/DOGG74jC3Flrr3yH+3D/yKbOqqUNM"): Text ****** has been set on object 'Object Repository/CURA_Pages_LogIn_InvalidUser_Name_OR_001/Page_CURA Healthcare Service/input_password'

17-02-2024T02:14:27 - [MESSAGE][PASSED] - Text ****** has been set on object 'Object Repository/CURA_Pages_LogIn_InvalidUser_Name_OR_001/Page_CURA Healthcare Service/input_password'

17-02-2024T02:14:27 - [TEST_STEP][PASSED] - click(findTestObject("Object Repository/CURA_Pages_LogIn_InvalidUser_Name_OR_001/Page_CURA Healthcare Service/button_Login")): Object: 'Object Repository/CURA_Pages_LogIn_InvalidUser_Name_OR_001/Page_CURA Healthcare Service/button_Login' is clicked on

17-02-2024T02:14:29 - [MESSAGE][PASSED] - Object: 'Object Repository/CURA_Pages_LogIn_InvalidUser_Name_OR_001/Page_CURA Healthcare Service/button_Login' is clicked on

17-02-2024T02:14:29 - [TEST_STEP][PASSED] - closeBrowser(): Browser is closed

17-02-2024T02:14:31 - [MESSAGE][PASSED] - Browser is closed

17-02-2024T02:14:31 - [TEST_STEP][PASSED] - Start listener action : sampleAfterTestCase: null

17-02-2024T02:14:31 - [TEST_STEP][PASSED] - println(" I Am sampleAfterTestCase Function "): null]]></system-out>
         <system-err><![CDATA[]]></system-err>
      </testcase>
      <testcase name="Test Cases/CURA_Test_Case/CURA_TC_Login/CURA_TC_Login_ValidUser_Name_001" time="60.729" classname="Test Cases/CURA_Test_Case/CURA_TC_Login/CURA_TC_Login_ValidUser_Name_001" status="PASSED">
         <system-out><![CDATA[17-02-2024T02:14:31 - [TEST_CASE][PASSED] - Test Cases/CURA_Test_Case/CURA_TC_Login/CURA_TC_Login_ValidUser_Name_001: Test Cases/CURA_Test_Case/CURA_TC_Login/CURA_TC_Login_ValidUser_Name_001

17-02-2024T02:14:31 - [TEST_STEP][PASSED] - Start listener action : onTestCaseStart: null

17-02-2024T02:14:31 - [TEST_STEP][PASSED] - println(" I Am inside testcasestart Function "): null

17-02-2024T02:14:31 - [TEST_STEP][PASSED] - openBrowser(""): Browser is opened with url: ''

17-02-2024T02:14:31 - [MESSAGE][INFO] - Starting 'Firefox' driver

17-02-2024T02:14:31 - [MESSAGE][INFO] - Action delay is set to 0 milliseconds

17-02-2024T02:14:34 - [MESSAGE][PASSED] - Browser is opened with url: ''

17-02-2024T02:14:34 - [TEST_STEP][PASSED] - navigateToUrl("https://katalon-demo-cura.herokuapp.com/"): Navigate to 'https://katalon-demo-cura.herokuapp.com/' successfully

17-02-2024T02:15:25 - [MESSAGE][PASSED] - Navigate to 'https://katalon-demo-cura.herokuapp.com/' successfully

17-02-2024T02:15:25 - [TEST_STEP][PASSED] - click(findTestObject("Object Repository/CURA_Pages_Login_ValidUser_Name_OR_001/Page_CURA Healthcare Service/a_Make Appointment")): Object: 'Object Repository/CURA_Pages_Login_ValidUser_Name_OR_001/Page_CURA Healthcare Service/a_Make Appointment' is clicked on

17-02-2024T02:15:27 - [MESSAGE][PASSED] - Object: 'Object Repository/CURA_Pages_Login_ValidUser_Name_OR_001/Page_CURA Healthcare Service/a_Make Appointment' is clicked on

17-02-2024T02:15:27 - [TEST_STEP][PASSED] - setText(findTestObject("Object Repository/CURA_Pages_Login_ValidUser_Name_OR_001/Page_CURA Healthcare Service/input_username"), "John Doe"): Text 'John Doe' is set on object 'Object Repository/CURA_Pages_Login_ValidUser_Name_OR_001/Page_CURA Healthcare Service/input_username'

17-02-2024T02:15:28 - [MESSAGE][PASSED] - Text 'John Doe' is set on object 'Object Repository/CURA_Pages_Login_ValidUser_Name_OR_001/Page_CURA Healthcare Service/input_username'

17-02-2024T02:15:28 - [TEST_STEP][PASSED] - setEncryptedText(findTestObject("Object Repository/CURA_Pages_Login_ValidUser_Name_OR_001/Page_CURA Healthcare Service/input_password"), "g3/DOGG74jC3Flrr3yH+3D/yKbOqqUNM"): Text ****** has been set on object 'Object Repository/CURA_Pages_Login_ValidUser_Name_OR_001/Page_CURA Healthcare Service/input_password'

17-02-2024T02:15:28 - [MESSAGE][PASSED] - Text ****** has been set on object 'Object Repository/CURA_Pages_Login_ValidUser_Name_OR_001/Page_CURA Healthcare Service/input_password'

17-02-2024T02:15:28 - [TEST_STEP][PASSED] - click(findTestObject("Object Repository/CURA_Pages_Login_ValidUser_Name_OR_001/Page_CURA Healthcare Service/button_Login")): Object: 'Object Repository/CURA_Pages_Login_ValidUser_Name_OR_001/Page_CURA Healthcare Service/button_Login' is clicked on

17-02-2024T02:15:30 - [MESSAGE][PASSED] - Object: 'Object Repository/CURA_Pages_Login_ValidUser_Name_OR_001/Page_CURA Healthcare Service/button_Login' is clicked on

17-02-2024T02:15:30 - [TEST_STEP][PASSED] - closeBrowser(): Browser is closed

17-02-2024T02:15:31 - [MESSAGE][PASSED] - Browser is closed

17-02-2024T02:15:31 - [TEST_STEP][PASSED] - Start listener action : sampleAfterTestCase: null

17-02-2024T02:15:31 - [TEST_STEP][PASSED] - println(" I Am sampleAfterTestCase Function "): null]]></system-out>
         <system-err><![CDATA[]]></system-err>
      </testcase>
      <testcase name="Test Cases/CURA_Test_Case/CURA_TC_Login/CURA_TC_Login_Redirect_page_001" time="68.387" classname="Test Cases/CURA_Test_Case/CURA_TC_Login/CURA_TC_Login_Redirect_page_001" status="PASSED">
         <system-out><![CDATA[17-02-2024T02:15:31 - [TEST_CASE][PASSED] - Test Cases/CURA_Test_Case/CURA_TC_Login/CURA_TC_Login_Redirect_page_001: Test Cases/CURA_Test_Case/CURA_TC_Login/CURA_TC_Login_Redirect_page_001

17-02-2024T02:15:31 - [TEST_STEP][PASSED] - Start listener action : onTestCaseStart: null

17-02-2024T02:15:31 - [TEST_STEP][PASSED] - println(" I Am inside testcasestart Function "): null

17-02-2024T02:15:31 - [TEST_STEP][PASSED] - openBrowser(""): Browser is opened with url: ''

17-02-2024T02:15:31 - [MESSAGE][INFO] - Starting 'Firefox' driver

17-02-2024T02:15:31 - [MESSAGE][INFO] - Action delay is set to 0 milliseconds

17-02-2024T02:15:35 - [MESSAGE][PASSED] - Browser is opened with url: ''

17-02-2024T02:15:35 - [TEST_STEP][PASSED] - navigateToUrl("https://katalon-demo-cura.herokuapp.com/"): Navigate to 'https://katalon-demo-cura.herokuapp.com/' successfully

17-02-2024T02:16:28 - [MESSAGE][PASSED] - Navigate to 'https://katalon-demo-cura.herokuapp.com/' successfully

17-02-2024T02:16:28 - [TEST_STEP][PASSED] - click(findTestObject("Object Repository/CURA_pages_Login_Redirect_OR_001/Page_CURA Healthcare Service/a_Make Appointment")): Object: 'Object Repository/CURA_pages_Login_Redirect_OR_001/Page_CURA Healthcare Service/a_Make Appointment' is clicked on

17-02-2024T02:16:31 - [MESSAGE][PASSED] - Object: 'Object Repository/CURA_pages_Login_Redirect_OR_001/Page_CURA Healthcare Service/a_Make Appointment' is clicked on

17-02-2024T02:16:31 - [TEST_STEP][PASSED] - setText(findTestObject("Object Repository/CURA_pages_Login_Redirect_OR_001/Page_CURA Healthcare Service/input_username"), "John Doe"): Text 'John Doe' is set on object 'Object Repository/CURA_pages_Login_Redirect_OR_001/Page_CURA Healthcare Service/input_username'

17-02-2024T02:16:32 - [MESSAGE][PASSED] - Text 'John Doe' is set on object 'Object Repository/CURA_pages_Login_Redirect_OR_001/Page_CURA Healthcare Service/input_username'

17-02-2024T02:16:32 - [TEST_STEP][PASSED] - setEncryptedText(findTestObject("Object Repository/CURA_pages_Login_Redirect_OR_001/Page_CURA Healthcare Service/input_password"), "g3/DOGG74jC3Flrr3yH+3D/yKbOqqUNM"): Text ****** has been set on object 'Object Repository/CURA_pages_Login_Redirect_OR_001/Page_CURA Healthcare Service/input_password'

17-02-2024T02:16:32 - [MESSAGE][PASSED] - Text ****** has been set on object 'Object Repository/CURA_pages_Login_Redirect_OR_001/Page_CURA Healthcare Service/input_password'

17-02-2024T02:16:32 - [TEST_STEP][PASSED] - click(findTestObject("Object Repository/CURA_pages_Login_Redirect_OR_001/Page_CURA Healthcare Service/button_Login")): Object: 'Object Repository/CURA_pages_Login_Redirect_OR_001/Page_CURA Healthcare Service/button_Login' is clicked on

17-02-2024T02:16:34 - [MESSAGE][PASSED] - Object: 'Object Repository/CURA_pages_Login_Redirect_OR_001/Page_CURA Healthcare Service/button_Login' is clicked on

17-02-2024T02:16:34 - [TEST_STEP][PASSED] - openBrowser(""): Browser is opened with url: ''

17-02-2024T02:16:34 - [MESSAGE][WARNING] - A browser is already opened. Closing browser and opening a new one

17-02-2024T02:16:35 - [MESSAGE][INFO] - Starting 'Firefox' driver

17-02-2024T02:16:35 - [MESSAGE][INFO] - Action delay is set to 0 milliseconds

17-02-2024T02:16:39 - [MESSAGE][PASSED] - Browser is opened with url: ''

17-02-2024T02:16:39 - [TEST_STEP][PASSED] - closeBrowser(): Browser is closed

17-02-2024T02:16:40 - [MESSAGE][PASSED] - Browser is closed

17-02-2024T02:16:40 - [TEST_STEP][PASSED] - Start listener action : sampleAfterTestCase: null

17-02-2024T02:16:40 - [TEST_STEP][PASSED] - println(" I Am sampleAfterTestCase Function "): null]]></system-out>
         <system-err><![CDATA[]]></system-err>
      </testcase>
      <testcase name="Test Cases/CURA_Test_Case/CURA_TC_Make Appointment/CURA_TC_Make Appointment_providingDetails_002" time="64.198" classname="Test Cases/CURA_Test_Case/CURA_TC_Make Appointment/CURA_TC_Make Appointment_providingDetails_002" status="PASSED">
         <system-out><![CDATA[17-02-2024T02:16:40 - [TEST_CASE][PASSED] - Test Cases/CURA_Test_Case/CURA_TC_Make Appointment/CURA_TC_Make Appointment_providingDetails_002: Test Cases/CURA_Test_Case/CURA_TC_Make Appointment/CURA_TC_Make Appointment_providingDetails_002

17-02-2024T02:16:40 - [TEST_STEP][PASSED] - Start listener action : onTestCaseStart: null

17-02-2024T02:16:40 - [TEST_STEP][PASSED] - println(" I Am inside testcasestart Function "): null

17-02-2024T02:16:40 - [TEST_STEP][PASSED] - openBrowser(""): Browser is opened with url: ''

17-02-2024T02:16:40 - [MESSAGE][INFO] - Starting 'Firefox' driver

17-02-2024T02:16:40 - [MESSAGE][INFO] - Action delay is set to 0 milliseconds

17-02-2024T02:16:43 - [MESSAGE][PASSED] - Browser is opened with url: ''

17-02-2024T02:16:43 - [TEST_STEP][PASSED] - navigateToUrl("https://katalon-demo-cura.herokuapp.com/"): Navigate to 'https://katalon-demo-cura.herokuapp.com/' successfully

17-02-2024T02:17:27 - [MESSAGE][PASSED] - Navigate to 'https://katalon-demo-cura.herokuapp.com/' successfully

17-02-2024T02:17:27 - [TEST_STEP][PASSED] - click(findTestObject("Object Repository/CURA_TC_Make Appointment_providing Details_OR_002/Page_CURA Healthcare Service/a_Make Appointment")): Object: 'Object Repository/CURA_TC_Make Appointment_providing Details_OR_002/Page_CURA Healthcare Service/a_Make Appointment' is clicked on

17-02-2024T02:17:29 - [MESSAGE][PASSED] - Object: 'Object Repository/CURA_TC_Make Appointment_providing Details_OR_002/Page_CURA Healthcare Service/a_Make Appointment' is clicked on

17-02-2024T02:17:29 - [TEST_STEP][PASSED] - click(findTestObject("Object Repository/CURA_TC_Make Appointment_providing Details_OR_002/Page_CURA Healthcare Service/body_CURA Healthcare                       _fb9a78")): Object: 'Object Repository/CURA_TC_Make Appointment_providing Details_OR_002/Page_CURA Healthcare Service/body_CURA Healthcare                       _fb9a78' is clicked on

17-02-2024T02:17:30 - [MESSAGE][PASSED] - Object: 'Object Repository/CURA_TC_Make Appointment_providing Details_OR_002/Page_CURA Healthcare Service/body_CURA Healthcare                       _fb9a78' is clicked on

17-02-2024T02:17:30 - [TEST_STEP][PASSED] - setText(findTestObject("Object Repository/CURA_TC_Make Appointment_providing Details_OR_002/Page_CURA Healthcare Service/input_username"), "John Doe"): Text 'John Doe' is set on object 'Object Repository/CURA_TC_Make Appointment_providing Details_OR_002/Page_CURA Healthcare Service/input_username'

17-02-2024T02:17:31 - [MESSAGE][PASSED] - Text 'John Doe' is set on object 'Object Repository/CURA_TC_Make Appointment_providing Details_OR_002/Page_CURA Healthcare Service/input_username'

17-02-2024T02:17:31 - [TEST_STEP][PASSED] - setEncryptedText(findTestObject("Object Repository/CURA_TC_Make Appointment_providing Details_OR_002/Page_CURA Healthcare Service/input_password"), "g3/DOGG74jC3Flrr3yH+3D/yKbOqqUNM"): Text ****** has been set on object 'Object Repository/CURA_TC_Make Appointment_providing Details_OR_002/Page_CURA Healthcare Service/input_password'

17-02-2024T02:17:31 - [MESSAGE][PASSED] - Text ****** has been set on object 'Object Repository/CURA_TC_Make Appointment_providing Details_OR_002/Page_CURA Healthcare Service/input_password'

17-02-2024T02:17:31 - [TEST_STEP][PASSED] - click(findTestObject("Object Repository/CURA_TC_Make Appointment_providing Details_OR_002/Page_CURA Healthcare Service/button_Login")): Object: 'Object Repository/CURA_TC_Make Appointment_providing Details_OR_002/Page_CURA Healthcare Service/button_Login' is clicked on

17-02-2024T02:17:33 - [MESSAGE][PASSED] - Object: 'Object Repository/CURA_TC_Make Appointment_providing Details_OR_002/Page_CURA Healthcare Service/button_Login' is clicked on

17-02-2024T02:17:33 - [TEST_STEP][PASSED] - selectOptionByValue(findTestObject("Object Repository/CURA_TC_Make Appointment_providing Details_OR_002/Page_CURA Healthcare Service/select_Tokyo CURA Healthcare Center        _5b4107"), "Hongkong CURA Healthcare Center", true): All options with value 'Hongkong CURA Healthcare Center' are selected in object 'Object Repository/CURA_TC_Make Appointment_providing Details_OR_002/Page_CURA Healthcare Service/select_Tokyo CURA Healthcare Center        _5b4107'  using regular expression

17-02-2024T02:17:34 - [MESSAGE][PASSED] - All options with value 'Hongkong CURA Healthcare Center' are selected in object 'Object Repository/CURA_TC_Make Appointment_providing Details_OR_002/Page_CURA Healthcare Service/select_Tokyo CURA Healthcare Center        _5b4107'  using regular expression

17-02-2024T02:17:34 - [TEST_STEP][PASSED] - click(findTestObject("Object Repository/CURA_TC_Make Appointment_providing Details_OR_002/Page_CURA Healthcare Service/input_hospital_readmission")): Object: 'Object Repository/CURA_TC_Make Appointment_providing Details_OR_002/Page_CURA Healthcare Service/input_hospital_readmission' is clicked on

17-02-2024T02:17:35 - [MESSAGE][PASSED] - Object: 'Object Repository/CURA_TC_Make Appointment_providing Details_OR_002/Page_CURA Healthcare Service/input_hospital_readmission' is clicked on

17-02-2024T02:17:35 - [TEST_STEP][PASSED] - click(findTestObject("Object Repository/CURA_TC_Make Appointment_providing Details_OR_002/Page_CURA Healthcare Service/input_programs")): Object: 'Object Repository/CURA_TC_Make Appointment_providing Details_OR_002/Page_CURA Healthcare Service/input_programs' is clicked on

17-02-2024T02:17:35 - [MESSAGE][PASSED] - Object: 'Object Repository/CURA_TC_Make Appointment_providing Details_OR_002/Page_CURA Healthcare Service/input_programs' is clicked on

17-02-2024T02:17:35 - [TEST_STEP][PASSED] - click(findTestObject("Object Repository/CURA_TC_Make Appointment_providing Details_OR_002/Page_CURA Healthcare Service/input_visit_date")): Object: 'Object Repository/CURA_TC_Make Appointment_providing Details_OR_002/Page_CURA Healthcare Service/input_visit_date' is clicked on

17-02-2024T02:17:36 - [MESSAGE][PASSED] - Object: 'Object Repository/CURA_TC_Make Appointment_providing Details_OR_002/Page_CURA Healthcare Service/input_visit_date' is clicked on

17-02-2024T02:17:36 - [TEST_STEP][PASSED] - click(findTestObject("Object Repository/CURA_TC_Make Appointment_providing Details_OR_002/Page_CURA Healthcare Service/td_24")): Object: 'Object Repository/CURA_TC_Make Appointment_providing Details_OR_002/Page_CURA Healthcare Service/td_24' is clicked on

17-02-2024T02:17:36 - [MESSAGE][PASSED] - Object: 'Object Repository/CURA_TC_Make Appointment_providing Details_OR_002/Page_CURA Healthcare Service/td_24' is clicked on

17-02-2024T02:17:36 - [TEST_STEP][PASSED] - setText(findTestObject("Object Repository/CURA_TC_Make Appointment_providing Details_OR_002/Page_CURA Healthcare Service/textarea_comment"), "Booking Appointment"): Text 'Booking Appointment' is set on object 'Object Repository/CURA_TC_Make Appointment_providing Details_OR_002/Page_CURA Healthcare Service/textarea_comment'

17-02-2024T02:17:37 - [MESSAGE][PASSED] - Text 'Booking Appointment' is set on object 'Object Repository/CURA_TC_Make Appointment_providing Details_OR_002/Page_CURA Healthcare Service/textarea_comment'

17-02-2024T02:17:37 - [TEST_STEP][PASSED] - click(findTestObject("Object Repository/CURA_TC_Make Appointment_providing Details_OR_002/Page_CURA Healthcare Service/button_Book Appointment")): Object: 'Object Repository/CURA_TC_Make Appointment_providing Details_OR_002/Page_CURA Healthcare Service/button_Book Appointment' is clicked on

17-02-2024T02:17:39 - [MESSAGE][PASSED] - Object: 'Object Repository/CURA_TC_Make Appointment_providing Details_OR_002/Page_CURA Healthcare Service/button_Book Appointment' is clicked on

17-02-2024T02:17:39 - [TEST_STEP][PASSED] - sleep(4000): null

17-02-2024T02:17:43 - [TEST_STEP][PASSED] - closeBrowser(): Browser is closed

17-02-2024T02:17:44 - [MESSAGE][PASSED] - Browser is closed

17-02-2024T02:17:44 - [TEST_STEP][PASSED] - Start listener action : sampleAfterTestCase: null

17-02-2024T02:17:44 - [TEST_STEP][PASSED] - println(" I Am sampleAfterTestCase Function "): null]]></system-out>
         <system-err><![CDATA[]]></system-err>
      </testcase>
      <system-out><![CDATA[17-02-2024T02:13:23 - [TEST_SUITE][PASSED] - CURA_TS_Basic_Make Appointment_Providing Details_002: Test Cases/CURA_Test_Case/CURA_TC_Make Appointment/CURA_TC_Make Appointment_providingDetails_002]]></system-out>
      <system-err><![CDATA[]]></system-err>
   </testsuite>
   <testsuite name="CURA_TS_Basic_Logout_004" tests="2" failures="0" errors="0" time="118.946" skipped="0" timestamp="17-02-2024T02:17:50" hostname="Lenovo - Durgesh" id="Test Suites/CURA_Test_Suite_Logout/CURA_TS_Basic_Logout_004">
      <properties>
         <property name="deviceName" value=""/>
         <property name="devicePlatform" value=""/>
         <property name="logFolder" value="C:\\Users\\Lenovo\\git\\Katalon_Automation_CURA_Health_Service\\Reports\\20240217_021313\\CURA_Test_Suite_Logout\\CURA_TS_Basic_Logout_004\\20240217_021316"/>
         <property name="logFiles" value="C:\\Users\\Lenovo\\git\\Katalon_Automation_CURA_Health_Service\\Reports\\20240217_021313\\CURA_Test_Suite_Logout\\CURA_TS_Basic_Logout_004\\20240217_021316\\execution0.log"/>
         <property name="attachments" value=""/>
         <property name="hostName" value="Lenovo - Durgesh"/>
         <property name="os" value="Windows 11 64bit"/>
         <property name="katalonVersion" value="9.2.0.212"/>
         <property name="browser" value="Chrome 121.0.0.0"/>
         <property name="hostAddress" value="192.168.43.195"/>
         <property name="sessionId" value="707ef41592cc656bd1d6c760f57e7788"/>
         <property name="seleniumVersion" value="3.141.59"/>
         <property name="proxyInformation" value="ProxyInformation { proxyOption=NO_PROXY, proxyServerType=HTTP, username=, password=********, proxyServerAddress=, proxyServerPort=0, executionList=&quot;&quot;, isApplyToDesiredCapabilities=true }"/>
         <property name="platform" value="Windows 11"/>
      </properties>
      <testcase name="Test Cases/CURA_Test_Case/CURA_TC_Histosy/CURA_TC_Booked_Appointment_History_003" time="64.346" classname="Test Cases/CURA_Test_Case/CURA_TC_Histosy/CURA_TC_Booked_Appointment_History_003" status="PASSED">
         <system-out><![CDATA[17-02-2024T02:17:50 - [TEST_CASE][PASSED] - Test Cases/CURA_Test_Case/CURA_TC_Histosy/CURA_TC_Booked_Appointment_History_003: Test Cases/CURA_Test_Case/CURA_TC_Histosy/CURA_TC_Booked_Appointment_History_003

17-02-2024T02:17:50 - [TEST_STEP][PASSED] - Start listener action : onTestCaseStart: null

17-02-2024T02:17:50 - [TEST_STEP][PASSED] - println(" I Am inside testcasestart Function "): null

17-02-2024T02:17:50 - [TEST_STEP][PASSED] - openBrowser(""): Browser is opened with url: ''

17-02-2024T02:17:50 - [MESSAGE][INFO] - Starting 'Chrome' driver

17-02-2024T02:17:50 - [MESSAGE][INFO] - Action delay is set to 0 milliseconds

17-02-2024T02:17:52 - [MESSAGE][PASSED] - Browser is opened with url: ''

17-02-2024T02:17:52 - [TEST_STEP][PASSED] - navigateToUrl("https://katalon-demo-cura.herokuapp.com/"): Navigate to 'https://katalon-demo-cura.herokuapp.com/' successfully

17-02-2024T02:18:36 - [MESSAGE][PASSED] - Navigate to 'https://katalon-demo-cura.herokuapp.com/' successfully

17-02-2024T02:18:36 - [TEST_STEP][PASSED] - click(findTestObject("Object Repository/CURA_Pages_History_Details_OR_003/Page_CURA Healthcare Service/a_Make Appointment")): Object: 'Object Repository/CURA_Pages_History_Details_OR_003/Page_CURA Healthcare Service/a_Make Appointment' is clicked on

17-02-2024T02:18:37 - [MESSAGE][PASSED] - Object: 'Object Repository/CURA_Pages_History_Details_OR_003/Page_CURA Healthcare Service/a_Make Appointment' is clicked on

17-02-2024T02:18:37 - [TEST_STEP][PASSED] - setText(findTestObject("Object Repository/CURA_Pages_History_Details_OR_003/Page_CURA Healthcare Service/input_username"), "John Doe"): Text 'John Doe' is set on object 'Object Repository/CURA_Pages_History_Details_OR_003/Page_CURA Healthcare Service/input_username'

17-02-2024T02:18:38 - [MESSAGE][PASSED] - Text 'John Doe' is set on object 'Object Repository/CURA_Pages_History_Details_OR_003/Page_CURA Healthcare Service/input_username'

17-02-2024T02:18:38 - [TEST_STEP][PASSED] - setEncryptedText(findTestObject("Object Repository/CURA_Pages_History_Details_OR_003/Page_CURA Healthcare Service/input_password"), "g3/DOGG74jC3Flrr3yH+3D/yKbOqqUNM"): Text ****** has been set on object 'Object Repository/CURA_Pages_History_Details_OR_003/Page_CURA Healthcare Service/input_password'

17-02-2024T02:18:39 - [MESSAGE][PASSED] - Text ****** has been set on object 'Object Repository/CURA_Pages_History_Details_OR_003/Page_CURA Healthcare Service/input_password'

17-02-2024T02:18:39 - [TEST_STEP][PASSED] - click(findTestObject("Object Repository/CURA_Pages_History_Details_OR_003/Page_CURA Healthcare Service/button_Login")): Object: 'Object Repository/CURA_Pages_History_Details_OR_003/Page_CURA Healthcare Service/button_Login' is clicked on

17-02-2024T02:18:41 - [MESSAGE][PASSED] - Object: 'Object Repository/CURA_Pages_History_Details_OR_003/Page_CURA Healthcare Service/button_Login' is clicked on

17-02-2024T02:18:41 - [TEST_STEP][PASSED] - selectOptionByValue(findTestObject("Object Repository/CURA_Pages_History_Details_OR_003/Page_CURA Healthcare Service/select_Tokyo CURA Healthcare Center        _5b4107"), "Hongkong CURA Healthcare Center", true): All options with value 'Hongkong CURA Healthcare Center' are selected in object 'Object Repository/CURA_Pages_History_Details_OR_003/Page_CURA Healthcare Service/select_Tokyo CURA Healthcare Center        _5b4107'  using regular expression

17-02-2024T02:18:42 - [MESSAGE][PASSED] - All options with value 'Hongkong CURA Healthcare Center' are selected in object 'Object Repository/CURA_Pages_History_Details_OR_003/Page_CURA Healthcare Service/select_Tokyo CURA Healthcare Center        _5b4107'  using regular expression

17-02-2024T02:18:42 - [TEST_STEP][PASSED] - click(findTestObject("Object Repository/CURA_Pages_History_Details_OR_003/Page_CURA Healthcare Service/label_Apply for hospital readmission")): Object: 'Object Repository/CURA_Pages_History_Details_OR_003/Page_CURA Healthcare Service/label_Apply for hospital readmission' is clicked on

17-02-2024T02:18:43 - [MESSAGE][PASSED] - Object: 'Object Repository/CURA_Pages_History_Details_OR_003/Page_CURA Healthcare Service/label_Apply for hospital readmission' is clicked on

17-02-2024T02:18:43 - [TEST_STEP][PASSED] - click(findTestObject("Object Repository/CURA_Pages_History_Details_OR_003/Page_CURA Healthcare Service/input_programs")): Object: 'Object Repository/CURA_Pages_History_Details_OR_003/Page_CURA Healthcare Service/input_programs' is clicked on

17-02-2024T02:18:43 - [MESSAGE][PASSED] - Object: 'Object Repository/CURA_Pages_History_Details_OR_003/Page_CURA Healthcare Service/input_programs' is clicked on

17-02-2024T02:18:43 - [TEST_STEP][PASSED] - click(findTestObject("Object Repository/CURA_Pages_History_Details_OR_003/Page_CURA Healthcare Service/input_visit_date")): Object: 'Object Repository/CURA_Pages_History_Details_OR_003/Page_CURA Healthcare Service/input_visit_date' is clicked on

17-02-2024T02:18:44 - [MESSAGE][PASSED] - Object: 'Object Repository/CURA_Pages_History_Details_OR_003/Page_CURA Healthcare Service/input_visit_date' is clicked on

17-02-2024T02:18:44 - [TEST_STEP][PASSED] - click(findTestObject("Object Repository/CURA_Pages_History_Details_OR_003/Page_CURA Healthcare Service/td_22")): Object: 'Object Repository/CURA_Pages_History_Details_OR_003/Page_CURA Healthcare Service/td_22' is clicked on

17-02-2024T02:18:44 - [MESSAGE][PASSED] - Object: 'Object Repository/CURA_Pages_History_Details_OR_003/Page_CURA Healthcare Service/td_22' is clicked on

17-02-2024T02:18:44 - [TEST_STEP][PASSED] - setText(findTestObject("Object Repository/CURA_Pages_History_Details_OR_003/Page_CURA Healthcare Service/textarea_comment"), "Booked Appointment"): Text 'Booked Appointment' is set on object 'Object Repository/CURA_Pages_History_Details_OR_003/Page_CURA Healthcare Service/textarea_comment'

17-02-2024T02:18:45 - [MESSAGE][PASSED] - Text 'Booked Appointment' is set on object 'Object Repository/CURA_Pages_History_Details_OR_003/Page_CURA Healthcare Service/textarea_comment'

17-02-2024T02:18:45 - [TEST_STEP][PASSED] - click(findTestObject("Object Repository/CURA_Pages_History_Details_OR_003/Page_CURA Healthcare Service/button_Book Appointment")): Object: 'Object Repository/CURA_Pages_History_Details_OR_003/Page_CURA Healthcare Service/button_Book Appointment' is clicked on

17-02-2024T02:18:47 - [MESSAGE][PASSED] - Object: 'Object Repository/CURA_Pages_History_Details_OR_003/Page_CURA Healthcare Service/button_Book Appointment' is clicked on

17-02-2024T02:18:47 - [TEST_STEP][PASSED] - click(findTestObject("Object Repository/CURA_Pages_History_Details_OR_003/Page_CURA Healthcare Service/i_fa fa-bars")): Object: 'Object Repository/CURA_Pages_History_Details_OR_003/Page_CURA Healthcare Service/i_fa fa-bars' is clicked on

17-02-2024T02:18:47 - [MESSAGE][PASSED] - Object: 'Object Repository/CURA_Pages_History_Details_OR_003/Page_CURA Healthcare Service/i_fa fa-bars' is clicked on

17-02-2024T02:18:47 - [TEST_STEP][PASSED] - click(findTestObject("Object Repository/CURA_Pages_History_Details_OR_003/Page_CURA Healthcare Service/a_History")): Object: 'Object Repository/CURA_Pages_History_Details_OR_003/Page_CURA Healthcare Service/a_History' is clicked on

17-02-2024T02:18:50 - [MESSAGE][PASSED] - Object: 'Object Repository/CURA_Pages_History_Details_OR_003/Page_CURA Healthcare Service/a_History' is clicked on

17-02-2024T02:18:50 - [TEST_STEP][PASSED] - sleep(4000): null

17-02-2024T02:18:54 - [TEST_STEP][PASSED] - closeBrowser(): Browser is closed

17-02-2024T02:18:54 - [MESSAGE][PASSED] - Browser is closed

17-02-2024T02:18:54 - [TEST_STEP][PASSED] - Start listener action : sampleAfterTestCase: null

17-02-2024T02:18:54 - [TEST_STEP][PASSED] - println(" I Am sampleAfterTestCase Function "): null]]></system-out>
         <system-err><![CDATA[]]></system-err>
      </testcase>
      <testcase name="Test Cases/CURA_Test_Case/CURA_TC_Login/CURA_TC_Login_Redirect_page_001" time="54.295" classname="Test Cases/CURA_Test_Case/CURA_TC_Login/CURA_TC_Login_Redirect_page_001" status="PASSED">
         <system-out><![CDATA[17-02-2024T02:18:54 - [TEST_CASE][PASSED] - Test Cases/CURA_Test_Case/CURA_TC_Login/CURA_TC_Login_Redirect_page_001: Test Cases/CURA_Test_Case/CURA_TC_Login/CURA_TC_Login_Redirect_page_001

17-02-2024T02:18:54 - [TEST_STEP][PASSED] - Start listener action : onTestCaseStart: null

17-02-2024T02:18:54 - [TEST_STEP][PASSED] - println(" I Am inside testcasestart Function "): null

17-02-2024T02:18:54 - [TEST_STEP][PASSED] - openBrowser(""): Browser is opened with url: ''

17-02-2024T02:18:54 - [MESSAGE][INFO] - Starting 'Chrome' driver

17-02-2024T02:18:54 - [MESSAGE][INFO] - Action delay is set to 0 milliseconds

17-02-2024T02:18:55 - [MESSAGE][PASSED] - Browser is opened with url: ''

17-02-2024T02:18:55 - [TEST_STEP][PASSED] - navigateToUrl("https://katalon-demo-cura.herokuapp.com/"): Navigate to 'https://katalon-demo-cura.herokuapp.com/' successfully

17-02-2024T02:19:41 - [MESSAGE][PASSED] - Navigate to 'https://katalon-demo-cura.herokuapp.com/' successfully

17-02-2024T02:19:41 - [TEST_STEP][PASSED] - click(findTestObject("Object Repository/CURA_pages_Login_Redirect_OR_001/Page_CURA Healthcare Service/a_Make Appointment")): Object: 'Object Repository/CURA_pages_Login_Redirect_OR_001/Page_CURA Healthcare Service/a_Make Appointment' is clicked on

17-02-2024T02:19:43 - [MESSAGE][PASSED] - Object: 'Object Repository/CURA_pages_Login_Redirect_OR_001/Page_CURA Healthcare Service/a_Make Appointment' is clicked on

17-02-2024T02:19:43 - [TEST_STEP][PASSED] - setText(findTestObject("Object Repository/CURA_pages_Login_Redirect_OR_001/Page_CURA Healthcare Service/input_username"), "John Doe"): Text 'John Doe' is set on object 'Object Repository/CURA_pages_Login_Redirect_OR_001/Page_CURA Healthcare Service/input_username'

17-02-2024T02:19:43 - [MESSAGE][PASSED] - Text 'John Doe' is set on object 'Object Repository/CURA_pages_Login_Redirect_OR_001/Page_CURA Healthcare Service/input_username'

17-02-2024T02:19:43 - [TEST_STEP][PASSED] - setEncryptedText(findTestObject("Object Repository/CURA_pages_Login_Redirect_OR_001/Page_CURA Healthcare Service/input_password"), "g3/DOGG74jC3Flrr3yH+3D/yKbOqqUNM"): Text ****** has been set on object 'Object Repository/CURA_pages_Login_Redirect_OR_001/Page_CURA Healthcare Service/input_password'

17-02-2024T02:19:44 - [MESSAGE][PASSED] - Text ****** has been set on object 'Object Repository/CURA_pages_Login_Redirect_OR_001/Page_CURA Healthcare Service/input_password'

17-02-2024T02:19:44 - [TEST_STEP][PASSED] - click(findTestObject("Object Repository/CURA_pages_Login_Redirect_OR_001/Page_CURA Healthcare Service/button_Login")): Object: 'Object Repository/CURA_pages_Login_Redirect_OR_001/Page_CURA Healthcare Service/button_Login' is clicked on

17-02-2024T02:19:48 - [MESSAGE][PASSED] - Object: 'Object Repository/CURA_pages_Login_Redirect_OR_001/Page_CURA Healthcare Service/button_Login' is clicked on

17-02-2024T02:19:48 - [TEST_STEP][PASSED] - openBrowser(""): Browser is opened with url: ''

17-02-2024T02:19:48 - [MESSAGE][WARNING] - A browser is already opened. Closing browser and opening a new one

17-02-2024T02:19:48 - [MESSAGE][INFO] - Starting 'Chrome' driver

17-02-2024T02:19:48 - [MESSAGE][INFO] - Action delay is set to 0 milliseconds

17-02-2024T02:19:48 - [MESSAGE][PASSED] - Browser is opened with url: ''

17-02-2024T02:19:48 - [TEST_STEP][PASSED] - closeBrowser(): Browser is closed

17-02-2024T02:19:49 - [MESSAGE][PASSED] - Browser is closed

17-02-2024T02:19:49 - [TEST_STEP][PASSED] - Start listener action : sampleAfterTestCase: null

17-02-2024T02:19:49 - [TEST_STEP][PASSED] - println(" I Am sampleAfterTestCase Function "): null]]></system-out>
         <system-err><![CDATA[]]></system-err>
      </testcase>
      <system-out><![CDATA[17-02-2024T02:17:50 - [TEST_SUITE][PASSED] - CURA_TS_Basic_Logout_004: Test Cases/CURA_Test_Case/CURA_TC_Login/CURA_TC_Login_Redirect_page_001]]></system-out>
      <system-err><![CDATA[]]></system-err>
   </testsuite>
</testsuites>
