<?xml version="1.0" encoding="UTF-8"?>
<testsuites name="CURA_Dynamic_TS_Login_001" time="110.659" tests="2" failures="0" errors="0">
   <testsuite name="CURA_Dynamic_TS_Login_001" tests="2" failures="0" errors="0" time="110.659" skipped="0" timestamp="13-02-2024T01:39:45" hostname="Lenovo - Durgesh" id="Test Suites/CURA_Test_Suite_Login/CURA_Dynamic_TS_Login_001">
      <properties>
         <property name="deviceName" value=""/>
         <property name="devicePlatform" value=""/>
         <property name="logFolder" value="C:\\Users\\Lenovo\\git\\Katalon_Automation_CURA_Health_Service\\Reports\\20240213_013940\\CURA_Test_Suite_Login\\CURA_Dynamic_TS_Login_001\\20240213_013940"/>
         <property name="logFiles" value="C:\\Users\\Lenovo\\git\\Katalon_Automation_CURA_Health_Service\\Reports\\20240213_013940\\CURA_Test_Suite_Login\\CURA_Dynamic_TS_Login_001\\20240213_013940\\execution0.log"/>
         <property name="attachments" value=""/>
         <property name="hostName" value="Lenovo - Durgesh"/>
         <property name="os" value="Windows 11 64bit"/>
         <property name="katalonVersion" value="9.2.0.212"/>
         <property name="browser" value="Chrome 121.0.0.0"/>
         <property name="hostAddress" value="192.168.43.195"/>
         <property name="sessionId" value="89dcdf482a61c1ce765d3ab8e852cf1a"/>
         <property name="seleniumVersion" value="3.141.59"/>
         <property name="proxyInformation" value="ProxyInformation { proxyOption=NO_PROXY, proxyServerType=HTTP, username=, password=********, proxyServerAddress=, proxyServerPort=0, executionList=&quot;&quot;, isApplyToDesiredCapabilities=true }"/>
         <property name="platform" value="Windows 11"/>
      </properties>
      <testcase name="Test Cases/CURA_Test_Case/CURA_TC_Login/CURA_TC_Login_InvalidUser_Name_002" time="49.333" classname="Test Cases/CURA_Test_Case/CURA_TC_Login/CURA_TC_Login_InvalidUser_Name_002" status="PASSED">
         <system-out><![CDATA[13-02-2024T01:39:45 - [TEST_CASE][PASSED] - Test Cases/CURA_Test_Case/CURA_TC_Login/CURA_TC_Login_InvalidUser_Name_002: Test Cases/CURA_Test_Case/CURA_TC_Login/CURA_TC_Login_InvalidUser_Name_002

13-02-2024T01:39:46 - [TEST_STEP][PASSED] - openBrowser(""): Browser is opened with url: ''

13-02-2024T01:39:46 - [MESSAGE][INFO] - Starting 'Chrome' driver

13-02-2024T01:39:46 - [MESSAGE][INFO] - Action delay is set to 0 milliseconds

13-02-2024T01:39:48 - [MESSAGE][PASSED] - Browser is opened with url: ''

13-02-2024T01:39:48 - [TEST_STEP][PASSED] - navigateToUrl("https://katalon-demo-cura.herokuapp.com/"): Navigate to 'https://katalon-demo-cura.herokuapp.com/' successfully

13-02-2024T01:40:27 - [MESSAGE][PASSED] - Navigate to 'https://katalon-demo-cura.herokuapp.com/' successfully

13-02-2024T01:40:27 - [TEST_STEP][PASSED] - click(findTestObject("Object Repository/CURA_Pages_LogIn_InvalidUser_Name_OR_002/Page_CURA Healthcare Service/a_Make Appointment")): Object: 'Object Repository/CURA_Pages_LogIn_InvalidUser_Name_OR_002/Page_CURA Healthcare Service/a_Make Appointment' is clicked on

13-02-2024T01:40:30 - [MESSAGE][PASSED] - Object: 'Object Repository/CURA_Pages_LogIn_InvalidUser_Name_OR_002/Page_CURA Healthcare Service/a_Make Appointment' is clicked on

13-02-2024T01:40:30 - [TEST_STEP][PASSED] - setText(findTestObject("Object Repository/CURA_Pages_LogIn_InvalidUser_Name_OR_002/Page_CURA Healthcare Service/input_username"), "John DOe"): Text 'John DOe' is set on object 'Object Repository/CURA_Pages_LogIn_InvalidUser_Name_OR_002/Page_CURA Healthcare Service/input_username'

13-02-2024T01:40:30 - [MESSAGE][PASSED] - Text 'John DOe' is set on object 'Object Repository/CURA_Pages_LogIn_InvalidUser_Name_OR_002/Page_CURA Healthcare Service/input_username'

13-02-2024T01:40:30 - [TEST_STEP][PASSED] - setEncryptedText(findTestObject("Object Repository/CURA_Pages_LogIn_InvalidUser_Name_OR_002/Page_CURA Healthcare Service/input_password"), "g3/DOGG74jC3Flrr3yH+3D/yKbOqqUNM"): Text ****** has been set on object 'Object Repository/CURA_Pages_LogIn_InvalidUser_Name_OR_002/Page_CURA Healthcare Service/input_password'

13-02-2024T01:40:31 - [MESSAGE][PASSED] - Text ****** has been set on object 'Object Repository/CURA_Pages_LogIn_InvalidUser_Name_OR_002/Page_CURA Healthcare Service/input_password'

13-02-2024T01:40:31 - [TEST_STEP][PASSED] - click(findTestObject("Object Repository/CURA_Pages_LogIn_InvalidUser_Name_OR_002/Page_CURA Healthcare Service/button_Login")): Object: 'Object Repository/CURA_Pages_LogIn_InvalidUser_Name_OR_002/Page_CURA Healthcare Service/button_Login' is clicked on

13-02-2024T01:40:34 - [MESSAGE][PASSED] - Object: 'Object Repository/CURA_Pages_LogIn_InvalidUser_Name_OR_002/Page_CURA Healthcare Service/button_Login' is clicked on

13-02-2024T01:40:34 - [TEST_STEP][PASSED] - closeBrowser(): Browser is closed

13-02-2024T01:40:35 - [MESSAGE][PASSED] - Browser is closed]]></system-out>
         <system-err><![CDATA[]]></system-err>
      </testcase>
      <testcase name="Test Cases/CURA_Test_Case/CURA_TC_Login/CURA_TC_Login_ValidUser_Name_001" time="61.085" classname="Test Cases/CURA_Test_Case/CURA_TC_Login/CURA_TC_Login_ValidUser_Name_001" status="PASSED">
         <system-out><![CDATA[13-02-2024T01:40:35 - [TEST_CASE][PASSED] - Test Cases/CURA_Test_Case/CURA_TC_Login/CURA_TC_Login_ValidUser_Name_001: Test Cases/CURA_Test_Case/CURA_TC_Login/CURA_TC_Login_ValidUser_Name_001

13-02-2024T01:40:35 - [TEST_STEP][PASSED] - openBrowser(""): Browser is opened with url: ''

13-02-2024T01:40:35 - [MESSAGE][INFO] - Starting 'Chrome' driver

13-02-2024T01:40:35 - [MESSAGE][INFO] - Action delay is set to 0 milliseconds

13-02-2024T01:40:36 - [MESSAGE][PASSED] - Browser is opened with url: ''

13-02-2024T01:40:36 - [TEST_STEP][PASSED] - navigateToUrl("https://katalon-demo-cura.herokuapp.com/"): Navigate to 'https://katalon-demo-cura.herokuapp.com/' successfully

13-02-2024T01:41:30 - [MESSAGE][PASSED] - Navigate to 'https://katalon-demo-cura.herokuapp.com/' successfully

13-02-2024T01:41:30 - [TEST_STEP][PASSED] - click(findTestObject("Object Repository/CURA_Pages_Login_ValidUser_Name_OR_001/Page_CURA Healthcare Service/a_Make Appointment")): Object: 'Object Repository/CURA_Pages_Login_ValidUser_Name_OR_001/Page_CURA Healthcare Service/a_Make Appointment' is clicked on

13-02-2024T01:41:32 - [MESSAGE][PASSED] - Object: 'Object Repository/CURA_Pages_Login_ValidUser_Name_OR_001/Page_CURA Healthcare Service/a_Make Appointment' is clicked on

13-02-2024T01:41:32 - [TEST_STEP][PASSED] - setText(findTestObject("Object Repository/CURA_Pages_Login_ValidUser_Name_OR_001/Page_CURA Healthcare Service/input_username"), "John Doe"): Text 'John Doe' is set on object 'Object Repository/CURA_Pages_Login_ValidUser_Name_OR_001/Page_CURA Healthcare Service/input_username'

13-02-2024T01:41:33 - [MESSAGE][PASSED] - Text 'John Doe' is set on object 'Object Repository/CURA_Pages_Login_ValidUser_Name_OR_001/Page_CURA Healthcare Service/input_username'

13-02-2024T01:41:33 - [TEST_STEP][PASSED] - setEncryptedText(findTestObject("Object Repository/CURA_Pages_Login_ValidUser_Name_OR_001/Page_CURA Healthcare Service/input_password"), "g3/DOGG74jC3Flrr3yH+3D/yKbOqqUNM"): Text ****** has been set on object 'Object Repository/CURA_Pages_Login_ValidUser_Name_OR_001/Page_CURA Healthcare Service/input_password'

13-02-2024T01:41:34 - [MESSAGE][PASSED] - Text ****** has been set on object 'Object Repository/CURA_Pages_Login_ValidUser_Name_OR_001/Page_CURA Healthcare Service/input_password'

13-02-2024T01:41:34 - [TEST_STEP][PASSED] - click(findTestObject("Object Repository/CURA_Pages_Login_ValidUser_Name_OR_001/Page_CURA Healthcare Service/button_Login")): Object: 'Object Repository/CURA_Pages_Login_ValidUser_Name_OR_001/Page_CURA Healthcare Service/button_Login' is clicked on

13-02-2024T01:41:36 - [MESSAGE][PASSED] - Object: 'Object Repository/CURA_Pages_Login_ValidUser_Name_OR_001/Page_CURA Healthcare Service/button_Login' is clicked on

13-02-2024T01:41:36 - [TEST_STEP][PASSED] - closeBrowser(): Browser is closed

13-02-2024T01:41:36 - [MESSAGE][PASSED] - Browser is closed]]></system-out>
         <system-err><![CDATA[]]></system-err>
      </testcase>
      <system-out><![CDATA[13-02-2024T01:39:45 - [TEST_SUITE][PASSED] - CURA_Dynamic_TS_Login_001: Test Cases/CURA_Test_Case/CURA_TC_Login/CURA_TC_Login_ValidUser_Name_001]]></system-out>
      <system-err><![CDATA[]]></system-err>
   </testsuite>
</testsuites>
