<?xml version="1.0" encoding="UTF-8"?>
<testsuites name="CURA_Basic_TS_Login_001" time="194.176" tests="3" failures="0" errors="0">
   <testsuite name="CURA_Basic_TS_Login_001" tests="3" failures="0" errors="0" time="194.176" skipped="0" timestamp="17-02-2024T00:50:39" hostname="Lenovo - Durgesh" id="Test Suites/CURA_Test_Suite_Login/CURA_Basic_TS_Login_001">
      <properties>
         <property name="deviceName" value=""/>
         <property name="devicePlatform" value=""/>
         <property name="logFolder" value="C:\\Users\\Lenovo\\git\\Katalon_Automation_CURA_Health_Service\\Reports\\20240217_005029\\CURA_Test_Suite_Login\\CURA_Basic_TS_Login_001\\20240217_005030"/>
         <property name="logFiles" value="C:\\Users\\Lenovo\\git\\Katalon_Automation_CURA_Health_Service\\Reports\\20240217_005029\\CURA_Test_Suite_Login\\CURA_Basic_TS_Login_001\\20240217_005030\\execution0.log"/>
         <property name="attachments" value=""/>
         <property name="hostName" value="Lenovo - Durgesh"/>
         <property name="os" value="Windows 11 64bit"/>
         <property name="katalonVersion" value="9.2.0.212"/>
         <property name="browser" value="Chrome 121.0.0.0"/>
         <property name="hostAddress" value="192.168.43.195"/>
         <property name="sessionId" value="3623352045d76dbfc8619b98492528ef"/>
         <property name="seleniumVersion" value="3.141.59"/>
         <property name="proxyInformation" value="ProxyInformation { proxyOption=NO_PROXY, proxyServerType=HTTP, username=, password=********, proxyServerAddress=, proxyServerPort=0, executionList=&quot;&quot;, isApplyToDesiredCapabilities=true }"/>
         <property name="platform" value="Windows 11"/>
      </properties>
      <testcase name="Test Cases/CURA_Test_Case/CURA_TC_Login/CURA_TC_Login_ValidUser_Name_001" time="63.348" classname="Test Cases/CURA_Test_Case/CURA_TC_Login/CURA_TC_Login_ValidUser_Name_001" status="PASSED">
         <system-out><![CDATA[17-02-2024T00:50:39 - [TEST_CASE][PASSED] - Test Cases/CURA_Test_Case/CURA_TC_Login/CURA_TC_Login_ValidUser_Name_001: Test Cases/CURA_Test_Case/CURA_TC_Login/CURA_TC_Login_ValidUser_Name_001

17-02-2024T00:50:39 - [TEST_STEP][PASSED] - openBrowser(""): Browser is opened with url: ''

17-02-2024T00:50:40 - [MESSAGE][INFO] - Starting 'Chrome' driver

17-02-2024T00:50:40 - [MESSAGE][INFO] - Action delay is set to 0 milliseconds

17-02-2024T00:50:41 - [MESSAGE][PASSED] - Browser is opened with url: ''

17-02-2024T00:50:41 - [TEST_STEP][PASSED] - navigateToUrl("https://katalon-demo-cura.herokuapp.com/"): Navigate to 'https://katalon-demo-cura.herokuapp.com/' successfully

17-02-2024T00:51:36 - [MESSAGE][PASSED] - Navigate to 'https://katalon-demo-cura.herokuapp.com/' successfully

17-02-2024T00:51:36 - [TEST_STEP][PASSED] - click(findTestObject("Object Repository/CURA_Pages_Login_ValidUser_Name_OR_001/Page_CURA Healthcare Service/a_Make Appointment")): Object: 'Object Repository/CURA_Pages_Login_ValidUser_Name_OR_001/Page_CURA Healthcare Service/a_Make Appointment' is clicked on

17-02-2024T00:51:38 - [MESSAGE][PASSED] - Object: 'Object Repository/CURA_Pages_Login_ValidUser_Name_OR_001/Page_CURA Healthcare Service/a_Make Appointment' is clicked on

17-02-2024T00:51:38 - [TEST_STEP][PASSED] - setText(findTestObject("Object Repository/CURA_Pages_Login_ValidUser_Name_OR_001/Page_CURA Healthcare Service/input_username"), "John Doe"): Text 'John Doe' is set on object 'Object Repository/CURA_Pages_Login_ValidUser_Name_OR_001/Page_CURA Healthcare Service/input_username'

17-02-2024T00:51:39 - [MESSAGE][PASSED] - Text 'John Doe' is set on object 'Object Repository/CURA_Pages_Login_ValidUser_Name_OR_001/Page_CURA Healthcare Service/input_username'

17-02-2024T00:51:39 - [TEST_STEP][PASSED] - setEncryptedText(findTestObject("Object Repository/CURA_Pages_Login_ValidUser_Name_OR_001/Page_CURA Healthcare Service/input_password"), "g3/DOGG74jC3Flrr3yH+3D/yKbOqqUNM"): Text ****** has been set on object 'Object Repository/CURA_Pages_Login_ValidUser_Name_OR_001/Page_CURA Healthcare Service/input_password'

17-02-2024T00:51:40 - [MESSAGE][PASSED] - Text ****** has been set on object 'Object Repository/CURA_Pages_Login_ValidUser_Name_OR_001/Page_CURA Healthcare Service/input_password'

17-02-2024T00:51:40 - [TEST_STEP][PASSED] - click(findTestObject("Object Repository/CURA_Pages_Login_ValidUser_Name_OR_001/Page_CURA Healthcare Service/button_Login")): Object: 'Object Repository/CURA_Pages_Login_ValidUser_Name_OR_001/Page_CURA Healthcare Service/button_Login' is clicked on

17-02-2024T00:51:42 - [MESSAGE][PASSED] - Object: 'Object Repository/CURA_Pages_Login_ValidUser_Name_OR_001/Page_CURA Healthcare Service/button_Login' is clicked on

17-02-2024T00:51:42 - [TEST_STEP][PASSED] - closeBrowser(): Browser is closed

17-02-2024T00:51:43 - [MESSAGE][PASSED] - Browser is closed]]></system-out>
         <system-err><![CDATA[]]></system-err>
      </testcase>
      <testcase name="Test Cases/CURA_Test_Case/CURA_TC_Login/CURA_TC_Login_InvalidUser_Name_001" time="67.517" classname="Test Cases/CURA_Test_Case/CURA_TC_Login/CURA_TC_Login_InvalidUser_Name_001" status="PASSED">
         <system-out><![CDATA[17-02-2024T00:51:43 - [TEST_CASE][PASSED] - Test Cases/CURA_Test_Case/CURA_TC_Login/CURA_TC_Login_InvalidUser_Name_001: Test Cases/CURA_Test_Case/CURA_TC_Login/CURA_TC_Login_InvalidUser_Name_001

17-02-2024T00:51:43 - [TEST_STEP][PASSED] - openBrowser(""): Browser is opened with url: ''

17-02-2024T00:51:43 - [MESSAGE][INFO] - Starting 'Chrome' driver

17-02-2024T00:51:43 - [MESSAGE][INFO] - Action delay is set to 0 milliseconds

17-02-2024T00:51:44 - [MESSAGE][PASSED] - Browser is opened with url: ''

17-02-2024T00:51:44 - [TEST_STEP][PASSED] - navigateToUrl("https://katalon-demo-cura.herokuapp.com/"): Navigate to 'https://katalon-demo-cura.herokuapp.com/' successfully

17-02-2024T00:52:44 - [MESSAGE][PASSED] - Navigate to 'https://katalon-demo-cura.herokuapp.com/' successfully

17-02-2024T00:52:44 - [TEST_STEP][PASSED] - click(findTestObject("Object Repository/CURA_Pages_LogIn_InvalidUser_Name_OR_001/Page_CURA Healthcare Service/a_Make Appointment")): Object: 'Object Repository/CURA_Pages_LogIn_InvalidUser_Name_OR_001/Page_CURA Healthcare Service/a_Make Appointment' is clicked on

17-02-2024T00:52:47 - [MESSAGE][PASSED] - Object: 'Object Repository/CURA_Pages_LogIn_InvalidUser_Name_OR_001/Page_CURA Healthcare Service/a_Make Appointment' is clicked on

17-02-2024T00:52:47 - [TEST_STEP][PASSED] - setText(findTestObject("Object Repository/CURA_Pages_LogIn_InvalidUser_Name_OR_001/Page_CURA Healthcare Service/input_username"), "John DOe"): Text 'John DOe' is set on object 'Object Repository/CURA_Pages_LogIn_InvalidUser_Name_OR_001/Page_CURA Healthcare Service/input_username'

17-02-2024T00:52:47 - [MESSAGE][PASSED] - Text 'John DOe' is set on object 'Object Repository/CURA_Pages_LogIn_InvalidUser_Name_OR_001/Page_CURA Healthcare Service/input_username'

17-02-2024T00:52:47 - [TEST_STEP][PASSED] - setEncryptedText(findTestObject("Object Repository/CURA_Pages_LogIn_InvalidUser_Name_OR_001/Page_CURA Healthcare Service/input_password"), "g3/DOGG74jC3Flrr3yH+3D/yKbOqqUNM"): Text ****** has been set on object 'Object Repository/CURA_Pages_LogIn_InvalidUser_Name_OR_001/Page_CURA Healthcare Service/input_password'

17-02-2024T00:52:48 - [MESSAGE][PASSED] - Text ****** has been set on object 'Object Repository/CURA_Pages_LogIn_InvalidUser_Name_OR_001/Page_CURA Healthcare Service/input_password'

17-02-2024T00:52:48 - [TEST_STEP][PASSED] - click(findTestObject("Object Repository/CURA_Pages_LogIn_InvalidUser_Name_OR_001/Page_CURA Healthcare Service/button_Login")): Object: 'Object Repository/CURA_Pages_LogIn_InvalidUser_Name_OR_001/Page_CURA Healthcare Service/button_Login' is clicked on

17-02-2024T00:52:50 - [MESSAGE][PASSED] - Object: 'Object Repository/CURA_Pages_LogIn_InvalidUser_Name_OR_001/Page_CURA Healthcare Service/button_Login' is clicked on

17-02-2024T00:52:50 - [TEST_STEP][PASSED] - closeBrowser(): Browser is closed

17-02-2024T00:52:50 - [MESSAGE][PASSED] - Browser is closed]]></system-out>
         <system-err><![CDATA[]]></system-err>
      </testcase>
      <testcase name="Test Cases/CURA_Test_Case/CURA_TC_Login/CURA_TC_Login_Redirect_page_001" time="63.016" classname="Test Cases/CURA_Test_Case/CURA_TC_Login/CURA_TC_Login_Redirect_page_001" status="PASSED">
         <system-out><![CDATA[17-02-2024T00:52:50 - [TEST_CASE][PASSED] - Test Cases/CURA_Test_Case/CURA_TC_Login/CURA_TC_Login_Redirect_page_001: Test Cases/CURA_Test_Case/CURA_TC_Login/CURA_TC_Login_Redirect_page_001

17-02-2024T00:52:50 - [TEST_STEP][PASSED] - openBrowser(""): Browser is opened with url: ''

17-02-2024T00:52:50 - [MESSAGE][INFO] - Starting 'Chrome' driver

17-02-2024T00:52:50 - [MESSAGE][INFO] - Action delay is set to 0 milliseconds

17-02-2024T00:52:51 - [MESSAGE][PASSED] - Browser is opened with url: ''

17-02-2024T00:52:51 - [TEST_STEP][PASSED] - navigateToUrl("https://katalon-demo-cura.herokuapp.com/"): Navigate to 'https://katalon-demo-cura.herokuapp.com/' successfully

17-02-2024T00:53:46 - [MESSAGE][PASSED] - Navigate to 'https://katalon-demo-cura.herokuapp.com/' successfully

17-02-2024T00:53:46 - [TEST_STEP][PASSED] - click(findTestObject("Object Repository/CURA_pages_Login_Redirect_OR_001/Page_CURA Healthcare Service/a_Make Appointment")): Object: 'Object Repository/CURA_pages_Login_Redirect_OR_001/Page_CURA Healthcare Service/a_Make Appointment' is clicked on

17-02-2024T00:53:48 - [MESSAGE][PASSED] - Object: 'Object Repository/CURA_pages_Login_Redirect_OR_001/Page_CURA Healthcare Service/a_Make Appointment' is clicked on

17-02-2024T00:53:48 - [TEST_STEP][PASSED] - setText(findTestObject("Object Repository/CURA_pages_Login_Redirect_OR_001/Page_CURA Healthcare Service/input_username"), "John Doe"): Text 'John Doe' is set on object 'Object Repository/CURA_pages_Login_Redirect_OR_001/Page_CURA Healthcare Service/input_username'

17-02-2024T00:53:49 - [MESSAGE][PASSED] - Text 'John Doe' is set on object 'Object Repository/CURA_pages_Login_Redirect_OR_001/Page_CURA Healthcare Service/input_username'

17-02-2024T00:53:49 - [TEST_STEP][PASSED] - setEncryptedText(findTestObject("Object Repository/CURA_pages_Login_Redirect_OR_001/Page_CURA Healthcare Service/input_password"), "g3/DOGG74jC3Flrr3yH+3D/yKbOqqUNM"): Text ****** has been set on object 'Object Repository/CURA_pages_Login_Redirect_OR_001/Page_CURA Healthcare Service/input_password'

17-02-2024T00:53:49 - [MESSAGE][PASSED] - Text ****** has been set on object 'Object Repository/CURA_pages_Login_Redirect_OR_001/Page_CURA Healthcare Service/input_password'

17-02-2024T00:53:49 - [TEST_STEP][PASSED] - click(findTestObject("Object Repository/CURA_pages_Login_Redirect_OR_001/Page_CURA Healthcare Service/button_Login")): Object: 'Object Repository/CURA_pages_Login_Redirect_OR_001/Page_CURA Healthcare Service/button_Login' is clicked on

17-02-2024T00:53:52 - [MESSAGE][PASSED] - Object: 'Object Repository/CURA_pages_Login_Redirect_OR_001/Page_CURA Healthcare Service/button_Login' is clicked on

17-02-2024T00:53:52 - [TEST_STEP][PASSED] - openBrowser(""): Browser is opened with url: ''

17-02-2024T00:53:52 - [MESSAGE][WARNING] - A browser is already opened. Closing browser and opening a new one

17-02-2024T00:53:52 - [MESSAGE][INFO] - Starting 'Chrome' driver

17-02-2024T00:53:52 - [MESSAGE][INFO] - Action delay is set to 0 milliseconds

17-02-2024T00:53:53 - [MESSAGE][PASSED] - Browser is opened with url: ''

17-02-2024T00:53:53 - [TEST_STEP][PASSED] - closeBrowser(): Browser is closed

17-02-2024T00:53:53 - [MESSAGE][PASSED] - Browser is closed]]></system-out>
         <system-err><![CDATA[]]></system-err>
      </testcase>
      <system-out><![CDATA[17-02-2024T00:50:39 - [TEST_SUITE][PASSED] - CURA_Basic_TS_Login_001: Test Cases/CURA_Test_Case/CURA_TC_Login/CURA_TC_Login_Redirect_page_001]]></system-out>
      <system-err><![CDATA[]]></system-err>
   </testsuite>
</testsuites>
