<?xml version="1.0" encoding="UTF-8"?>
<testsuites name="CURA_Setup and TearDown_TS_Login_001" time="0.579" tests="1" failures="0" errors="0">
   <testsuite name="CURA_Setup and TearDown_TS_Login_001" tests="1" failures="0" errors="0" time="0.579" skipped="0" timestamp="14-02-2024T02:08:10" hostname="Lenovo - 192.168.1.23" id="Test Suites/CURA_Setup And Tear_Down_TS/CURA_Setup and TearDown_TS_Login_001">
      <properties>
         <property name="deviceName" value=""/>
         <property name="devicePlatform" value=""/>
         <property name="logFolder" value="C:\\Users\\Lenovo\\git\\Katalon_Automation_CURA_Health_Service\\Reports\\20240214_020805\\CURA_Setup And Tear_Down_TS\\CURA_Setup and TearDown_TS_Login_001\\20240214_020805"/>
         <property name="logFiles" value="C:\\Users\\Lenovo\\git\\Katalon_Automation_CURA_Health_Service\\Reports\\20240214_020805\\CURA_Setup And Tear_Down_TS\\CURA_Setup and TearDown_TS_Login_001\\20240214_020805\\execution0.log"/>
         <property name="attachments" value=""/>
         <property name="hostName" value="Lenovo - 192.168.1.23"/>
         <property name="hostAddress" value="192.168.1.23"/>
         <property name="os" value="Windows 11 64bit"/>
         <property name="katalonVersion" value="9.2.0.212"/>
      </properties>
      <testcase name="Test Cases/CURA_TC_Setup And TearDown/CURA_TC_SetUp And TearDown_Login_001" time="0.114" classname="Test Cases/CURA_TC_Setup And TearDown/CURA_TC_SetUp And TearDown_Login_001" status="PASSED">
         <system-out><![CDATA[14-02-2024T02:08:10 - [TEST_CASE][PASSED] - Test Cases/CURA_TC_Setup And TearDown/CURA_TC_SetUp And TearDown_Login_001: Test Cases/CURA_TC_Setup And TearDown/CURA_TC_SetUp And TearDown_Login_001

14-02-2024T02:08:11 - [TEST_STEP][PASSED] - println("I am inside tset case CURA_TC_SetUp And TearDown_Login_001"): null]]></system-out>
         <system-err><![CDATA[]]></system-err>
      </testcase>
      <system-out><![CDATA[14-02-2024T02:08:10 - [TEST_SUITE][PASSED] - CURA_Setup and TearDown_TS_Login_001: Test Cases/CURA_TC_Setup And TearDown/CURA_TC_SetUp And TearDown_Login_001]]></system-out>
      <system-err><![CDATA[]]></system-err>
   </testsuite>
</testsuites>
