<?xml version="1.0" encoding="UTF-8"?>
<testsuites name="CURA_TS_Collection__Logout_004" time="342.345" tests="6" failures="0" errors="0">
   <testsuite name="CURA_Basic_TS_Login_001" tests="3" failures="0" errors="0" time="179.064" skipped="0" timestamp="17-02-2024T01:45:55" hostname="Lenovo - Durgesh" id="Test Suites/CURA_Test_Suite_Login/CURA_Basic_TS_Login_001">
      <properties>
         <property name="deviceName" value=""/>
         <property name="devicePlatform" value=""/>
         <property name="logFolder" value="C:\\Users\\Lenovo\\git\\Katalon_Automation_CURA_Health_Service\\Reports\\20240217_014545\\CURA_Test_Suite_Login\\CURA_Basic_TS_Login_001\\20240217_014546"/>
         <property name="logFiles" value="C:\\Users\\Lenovo\\git\\Katalon_Automation_CURA_Health_Service\\Reports\\20240217_014545\\CURA_Test_Suite_Login\\CURA_Basic_TS_Login_001\\20240217_014546\\execution0.log"/>
         <property name="attachments" value=""/>
         <property name="hostName" value="Lenovo - Durgesh"/>
         <property name="os" value="Windows 11 64bit"/>
         <property name="katalonVersion" value="9.2.0.212"/>
         <property name="browser" value="Firefox 122.0"/>
         <property name="hostAddress" value="192.168.43.195"/>
         <property name="sessionId" value="a5af8551-ba63-4bf6-a08b-24c50605ccdc"/>
         <property name="seleniumVersion" value="3.141.59"/>
         <property name="proxyInformation" value="ProxyInformation { proxyOption=NO_PROXY, proxyServerType=HTTP, username=, password=********, proxyServerAddress=, proxyServerPort=0, executionList=&quot;&quot;, isApplyToDesiredCapabilities=true }"/>
         <property name="platform" value="Windows 11"/>
      </properties>
      <testcase name="Test Cases/CURA_Test_Case/CURA_TC_Login/CURA_TC_Login_ValidUser_Name_001" time="56.421" classname="Test Cases/CURA_Test_Case/CURA_TC_Login/CURA_TC_Login_ValidUser_Name_001" status="PASSED">
         <system-out><![CDATA[17-02-2024T01:45:55 - [TEST_CASE][PASSED] - Test Cases/CURA_Test_Case/CURA_TC_Login/CURA_TC_Login_ValidUser_Name_001: Test Cases/CURA_Test_Case/CURA_TC_Login/CURA_TC_Login_ValidUser_Name_001

17-02-2024T01:45:55 - [TEST_STEP][PASSED] - Start listener action : onTestCaseStart: null

17-02-2024T01:45:55 - [TEST_STEP][PASSED] - println(" I Am inside testcasestart Function "): null

17-02-2024T01:45:55 - [TEST_STEP][PASSED] - openBrowser(""): Browser is opened with url: ''

17-02-2024T01:45:56 - [MESSAGE][INFO] - Starting 'Firefox' driver

17-02-2024T01:45:56 - [MESSAGE][INFO] - Action delay is set to 0 milliseconds

17-02-2024T01:46:00 - [MESSAGE][PASSED] - Browser is opened with url: ''

17-02-2024T01:46:00 - [TEST_STEP][PASSED] - navigateToUrl("https://katalon-demo-cura.herokuapp.com/"): Navigate to 'https://katalon-demo-cura.herokuapp.com/' successfully

17-02-2024T01:46:44 - [MESSAGE][PASSED] - Navigate to 'https://katalon-demo-cura.herokuapp.com/' successfully

17-02-2024T01:46:44 - [TEST_STEP][PASSED] - click(findTestObject("Object Repository/CURA_Pages_Login_ValidUser_Name_OR_001/Page_CURA Healthcare Service/a_Make Appointment")): Object: 'Object Repository/CURA_Pages_Login_ValidUser_Name_OR_001/Page_CURA Healthcare Service/a_Make Appointment' is clicked on

17-02-2024T01:46:48 - [MESSAGE][PASSED] - Object: 'Object Repository/CURA_Pages_Login_ValidUser_Name_OR_001/Page_CURA Healthcare Service/a_Make Appointment' is clicked on

17-02-2024T01:46:48 - [TEST_STEP][PASSED] - setText(findTestObject("Object Repository/CURA_Pages_Login_ValidUser_Name_OR_001/Page_CURA Healthcare Service/input_username"), "John Doe"): Text 'John Doe' is set on object 'Object Repository/CURA_Pages_Login_ValidUser_Name_OR_001/Page_CURA Healthcare Service/input_username'

17-02-2024T01:46:49 - [MESSAGE][PASSED] - Text 'John Doe' is set on object 'Object Repository/CURA_Pages_Login_ValidUser_Name_OR_001/Page_CURA Healthcare Service/input_username'

17-02-2024T01:46:49 - [TEST_STEP][PASSED] - setEncryptedText(findTestObject("Object Repository/CURA_Pages_Login_ValidUser_Name_OR_001/Page_CURA Healthcare Service/input_password"), "g3/DOGG74jC3Flrr3yH+3D/yKbOqqUNM"): Text ****** has been set on object 'Object Repository/CURA_Pages_Login_ValidUser_Name_OR_001/Page_CURA Healthcare Service/input_password'

17-02-2024T01:46:49 - [MESSAGE][PASSED] - Text ****** has been set on object 'Object Repository/CURA_Pages_Login_ValidUser_Name_OR_001/Page_CURA Healthcare Service/input_password'

17-02-2024T01:46:49 - [TEST_STEP][PASSED] - click(findTestObject("Object Repository/CURA_Pages_Login_ValidUser_Name_OR_001/Page_CURA Healthcare Service/button_Login")): Object: 'Object Repository/CURA_Pages_Login_ValidUser_Name_OR_001/Page_CURA Healthcare Service/button_Login' is clicked on

17-02-2024T01:46:50 - [MESSAGE][PASSED] - Object: 'Object Repository/CURA_Pages_Login_ValidUser_Name_OR_001/Page_CURA Healthcare Service/button_Login' is clicked on

17-02-2024T01:46:50 - [TEST_STEP][PASSED] - closeBrowser(): Browser is closed

17-02-2024T01:46:51 - [MESSAGE][PASSED] - Browser is closed

17-02-2024T01:46:51 - [TEST_STEP][PASSED] - Start listener action : sampleAfterTestCase: null

17-02-2024T01:46:51 - [TEST_STEP][PASSED] - println(" I Am sampleAfterTestCase Function "): null]]></system-out>
         <system-err><![CDATA[]]></system-err>
      </testcase>
      <testcase name="Test Cases/CURA_Test_Case/CURA_TC_Login/CURA_TC_Login_InvalidUser_Name_001" time="62.475" classname="Test Cases/CURA_Test_Case/CURA_TC_Login/CURA_TC_Login_InvalidUser_Name_001" status="PASSED">
         <system-out><![CDATA[17-02-2024T01:46:51 - [TEST_CASE][PASSED] - Test Cases/CURA_Test_Case/CURA_TC_Login/CURA_TC_Login_InvalidUser_Name_001: Test Cases/CURA_Test_Case/CURA_TC_Login/CURA_TC_Login_InvalidUser_Name_001

17-02-2024T01:46:51 - [TEST_STEP][PASSED] - Start listener action : onTestCaseStart: null

17-02-2024T01:46:51 - [TEST_STEP][PASSED] - println(" I Am inside testcasestart Function "): null

17-02-2024T01:46:52 - [TEST_STEP][PASSED] - openBrowser(""): Browser is opened with url: ''

17-02-2024T01:46:52 - [MESSAGE][INFO] - Starting 'Firefox' driver

17-02-2024T01:46:52 - [MESSAGE][INFO] - Action delay is set to 0 milliseconds

17-02-2024T01:46:55 - [MESSAGE][PASSED] - Browser is opened with url: ''

17-02-2024T01:46:55 - [TEST_STEP][PASSED] - navigateToUrl("https://katalon-demo-cura.herokuapp.com/"): Navigate to 'https://katalon-demo-cura.herokuapp.com/' successfully

17-02-2024T01:47:47 - [MESSAGE][PASSED] - Navigate to 'https://katalon-demo-cura.herokuapp.com/' successfully

17-02-2024T01:47:47 - [TEST_STEP][PASSED] - click(findTestObject("Object Repository/CURA_Pages_LogIn_InvalidUser_Name_OR_001/Page_CURA Healthcare Service/a_Make Appointment")): Object: 'Object Repository/CURA_Pages_LogIn_InvalidUser_Name_OR_001/Page_CURA Healthcare Service/a_Make Appointment' is clicked on

17-02-2024T01:47:49 - [MESSAGE][PASSED] - Object: 'Object Repository/CURA_Pages_LogIn_InvalidUser_Name_OR_001/Page_CURA Healthcare Service/a_Make Appointment' is clicked on

17-02-2024T01:47:49 - [TEST_STEP][PASSED] - setText(findTestObject("Object Repository/CURA_Pages_LogIn_InvalidUser_Name_OR_001/Page_CURA Healthcare Service/input_username"), "John DOe"): Text 'John DOe' is set on object 'Object Repository/CURA_Pages_LogIn_InvalidUser_Name_OR_001/Page_CURA Healthcare Service/input_username'

17-02-2024T01:47:50 - [MESSAGE][PASSED] - Text 'John DOe' is set on object 'Object Repository/CURA_Pages_LogIn_InvalidUser_Name_OR_001/Page_CURA Healthcare Service/input_username'

17-02-2024T01:47:50 - [TEST_STEP][PASSED] - setEncryptedText(findTestObject("Object Repository/CURA_Pages_LogIn_InvalidUser_Name_OR_001/Page_CURA Healthcare Service/input_password"), "g3/DOGG74jC3Flrr3yH+3D/yKbOqqUNM"): Text ****** has been set on object 'Object Repository/CURA_Pages_LogIn_InvalidUser_Name_OR_001/Page_CURA Healthcare Service/input_password'

17-02-2024T01:47:50 - [MESSAGE][PASSED] - Text ****** has been set on object 'Object Repository/CURA_Pages_LogIn_InvalidUser_Name_OR_001/Page_CURA Healthcare Service/input_password'

17-02-2024T01:47:50 - [TEST_STEP][PASSED] - click(findTestObject("Object Repository/CURA_Pages_LogIn_InvalidUser_Name_OR_001/Page_CURA Healthcare Service/button_Login")): Object: 'Object Repository/CURA_Pages_LogIn_InvalidUser_Name_OR_001/Page_CURA Healthcare Service/button_Login' is clicked on

17-02-2024T01:47:53 - [MESSAGE][PASSED] - Object: 'Object Repository/CURA_Pages_LogIn_InvalidUser_Name_OR_001/Page_CURA Healthcare Service/button_Login' is clicked on

17-02-2024T01:47:53 - [TEST_STEP][PASSED] - closeBrowser(): Browser is closed

17-02-2024T01:47:54 - [MESSAGE][PASSED] - Browser is closed

17-02-2024T01:47:54 - [TEST_STEP][PASSED] - Start listener action : sampleAfterTestCase: null

17-02-2024T01:47:54 - [TEST_STEP][PASSED] - println(" I Am sampleAfterTestCase Function "): null]]></system-out>
         <system-err><![CDATA[]]></system-err>
      </testcase>
      <testcase name="Test Cases/CURA_Test_Case/CURA_TC_Login/CURA_TC_Login_Redirect_page_001" time="59.824" classname="Test Cases/CURA_Test_Case/CURA_TC_Login/CURA_TC_Login_Redirect_page_001" status="PASSED">
         <system-out><![CDATA[17-02-2024T01:47:54 - [TEST_CASE][PASSED] - Test Cases/CURA_Test_Case/CURA_TC_Login/CURA_TC_Login_Redirect_page_001: Test Cases/CURA_Test_Case/CURA_TC_Login/CURA_TC_Login_Redirect_page_001

17-02-2024T01:47:54 - [TEST_STEP][PASSED] - Start listener action : onTestCaseStart: null

17-02-2024T01:47:54 - [TEST_STEP][PASSED] - println(" I Am inside testcasestart Function "): null

17-02-2024T01:47:54 - [TEST_STEP][PASSED] - openBrowser(""): Browser is opened with url: ''

17-02-2024T01:47:54 - [MESSAGE][INFO] - Starting 'Firefox' driver

17-02-2024T01:47:54 - [MESSAGE][INFO] - Action delay is set to 0 milliseconds

17-02-2024T01:47:57 - [MESSAGE][PASSED] - Browser is opened with url: ''

17-02-2024T01:47:57 - [TEST_STEP][PASSED] - navigateToUrl("https://katalon-demo-cura.herokuapp.com/"): Navigate to 'https://katalon-demo-cura.herokuapp.com/' successfully

17-02-2024T01:48:44 - [MESSAGE][PASSED] - Navigate to 'https://katalon-demo-cura.herokuapp.com/' successfully

17-02-2024T01:48:44 - [TEST_STEP][PASSED] - click(findTestObject("Object Repository/CURA_pages_Login_Redirect_OR_001/Page_CURA Healthcare Service/a_Make Appointment")): Object: 'Object Repository/CURA_pages_Login_Redirect_OR_001/Page_CURA Healthcare Service/a_Make Appointment' is clicked on

17-02-2024T01:48:46 - [MESSAGE][PASSED] - Object: 'Object Repository/CURA_pages_Login_Redirect_OR_001/Page_CURA Healthcare Service/a_Make Appointment' is clicked on

17-02-2024T01:48:46 - [TEST_STEP][PASSED] - setText(findTestObject("Object Repository/CURA_pages_Login_Redirect_OR_001/Page_CURA Healthcare Service/input_username"), "John Doe"): Text 'John Doe' is set on object 'Object Repository/CURA_pages_Login_Redirect_OR_001/Page_CURA Healthcare Service/input_username'

17-02-2024T01:48:47 - [MESSAGE][PASSED] - Text 'John Doe' is set on object 'Object Repository/CURA_pages_Login_Redirect_OR_001/Page_CURA Healthcare Service/input_username'

17-02-2024T01:48:47 - [TEST_STEP][PASSED] - setEncryptedText(findTestObject("Object Repository/CURA_pages_Login_Redirect_OR_001/Page_CURA Healthcare Service/input_password"), "g3/DOGG74jC3Flrr3yH+3D/yKbOqqUNM"): Text ****** has been set on object 'Object Repository/CURA_pages_Login_Redirect_OR_001/Page_CURA Healthcare Service/input_password'

17-02-2024T01:48:47 - [MESSAGE][PASSED] - Text ****** has been set on object 'Object Repository/CURA_pages_Login_Redirect_OR_001/Page_CURA Healthcare Service/input_password'

17-02-2024T01:48:47 - [TEST_STEP][PASSED] - click(findTestObject("Object Repository/CURA_pages_Login_Redirect_OR_001/Page_CURA Healthcare Service/button_Login")): Object: 'Object Repository/CURA_pages_Login_Redirect_OR_001/Page_CURA Healthcare Service/button_Login' is clicked on

17-02-2024T01:48:48 - [MESSAGE][PASSED] - Object: 'Object Repository/CURA_pages_Login_Redirect_OR_001/Page_CURA Healthcare Service/button_Login' is clicked on

17-02-2024T01:48:48 - [TEST_STEP][PASSED] - openBrowser(""): Browser is opened with url: ''

17-02-2024T01:48:48 - [MESSAGE][WARNING] - A browser is already opened. Closing browser and opening a new one

17-02-2024T01:48:49 - [MESSAGE][INFO] - Starting 'Firefox' driver

17-02-2024T01:48:49 - [MESSAGE][INFO] - Action delay is set to 0 milliseconds

17-02-2024T01:48:53 - [MESSAGE][PASSED] - Browser is opened with url: ''

17-02-2024T01:48:53 - [TEST_STEP][PASSED] - closeBrowser(): Browser is closed

17-02-2024T01:48:54 - [MESSAGE][PASSED] - Browser is closed

17-02-2024T01:48:54 - [TEST_STEP][PASSED] - Start listener action : sampleAfterTestCase: null

17-02-2024T01:48:54 - [TEST_STEP][PASSED] - println(" I Am sampleAfterTestCase Function "): null]]></system-out>
         <system-err><![CDATA[]]></system-err>
      </testcase>
      <system-out><![CDATA[17-02-2024T01:45:55 - [TEST_SUITE][PASSED] - CURA_Basic_TS_Login_001: Test Cases/CURA_Test_Case/CURA_TC_Login/CURA_TC_Login_Redirect_page_001]]></system-out>
      <system-err><![CDATA[]]></system-err>
   </testsuite>
   <testsuite name="CURA_Basic_TS_History_003" tests="3" failures="0" errors="0" time="151.786" skipped="0" timestamp="17-02-2024T01:48:59" hostname="Lenovo - Durgesh" id="Test Suites/CURA_Test_Suites_History/CURA_Basic_TS_History_003">
      <properties>
         <property name="deviceName" value=""/>
         <property name="devicePlatform" value=""/>
         <property name="logFolder" value="C:\\Users\\Lenovo\\git\\Katalon_Automation_CURA_Health_Service\\Reports\\20240217_014545\\CURA_Test_Suites_History\\CURA_Basic_TS_History_003\\20240217_014548"/>
         <property name="logFiles" value="C:\\Users\\Lenovo\\git\\Katalon_Automation_CURA_Health_Service\\Reports\\20240217_014545\\CURA_Test_Suites_History\\CURA_Basic_TS_History_003\\20240217_014548\\execution0.log"/>
         <property name="attachments" value=""/>
         <property name="hostName" value="Lenovo - Durgesh"/>
         <property name="os" value="Windows 11 64bit"/>
         <property name="katalonVersion" value="9.2.0.212"/>
         <property name="browser" value="Edge Chromium 121"/>
         <property name="hostAddress" value="192.168.43.195"/>
         <property name="sessionId" value="52e3df3b33e6cf9de52b8b1c7f0877c8"/>
         <property name="seleniumVersion" value="3.141.59"/>
         <property name="proxyInformation" value="ProxyInformation { proxyOption=NO_PROXY, proxyServerType=HTTP, username=, password=********, proxyServerAddress=, proxyServerPort=0, executionList=&quot;&quot;, isApplyToDesiredCapabilities=true }"/>
         <property name="platform" value="Windows 11"/>
      </properties>
      <testcase name="Test Cases/CURA_Test_Case/CURA_TC_Login/CURA_TC_Login_ValidUser_Name_001" time="34.114" classname="Test Cases/CURA_Test_Case/CURA_TC_Login/CURA_TC_Login_ValidUser_Name_001" status="PASSED">
         <system-out><![CDATA[17-02-2024T01:49:00 - [TEST_CASE][PASSED] - Test Cases/CURA_Test_Case/CURA_TC_Login/CURA_TC_Login_ValidUser_Name_001: Test Cases/CURA_Test_Case/CURA_TC_Login/CURA_TC_Login_ValidUser_Name_001

17-02-2024T01:49:00 - [TEST_STEP][PASSED] - Start listener action : onTestCaseStart: null

17-02-2024T01:49:00 - [TEST_STEP][PASSED] - println(" I Am inside testcasestart Function "): null

17-02-2024T01:49:00 - [TEST_STEP][PASSED] - openBrowser(""): Browser is opened with url: ''

17-02-2024T01:49:00 - [MESSAGE][INFO] - Starting 'Edge Chromium' driver

17-02-2024T01:49:00 - [MESSAGE][INFO] - Action delay is set to 0 milliseconds

17-02-2024T01:49:02 - [MESSAGE][PASSED] - Browser is opened with url: ''

17-02-2024T01:49:02 - [TEST_STEP][PASSED] - navigateToUrl("https://katalon-demo-cura.herokuapp.com/"): Navigate to 'https://katalon-demo-cura.herokuapp.com/' successfully

17-02-2024T01:49:27 - [MESSAGE][PASSED] - Navigate to 'https://katalon-demo-cura.herokuapp.com/' successfully

17-02-2024T01:49:27 - [TEST_STEP][PASSED] - click(findTestObject("Object Repository/CURA_Pages_Login_ValidUser_Name_OR_001/Page_CURA Healthcare Service/a_Make Appointment")): Object: 'Object Repository/CURA_Pages_Login_ValidUser_Name_OR_001/Page_CURA Healthcare Service/a_Make Appointment' is clicked on

17-02-2024T01:49:30 - [MESSAGE][PASSED] - Object: 'Object Repository/CURA_Pages_Login_ValidUser_Name_OR_001/Page_CURA Healthcare Service/a_Make Appointment' is clicked on

17-02-2024T01:49:30 - [TEST_STEP][PASSED] - setText(findTestObject("Object Repository/CURA_Pages_Login_ValidUser_Name_OR_001/Page_CURA Healthcare Service/input_username"), "John Doe"): Text 'John Doe' is set on object 'Object Repository/CURA_Pages_Login_ValidUser_Name_OR_001/Page_CURA Healthcare Service/input_username'

17-02-2024T01:49:31 - [MESSAGE][PASSED] - Text 'John Doe' is set on object 'Object Repository/CURA_Pages_Login_ValidUser_Name_OR_001/Page_CURA Healthcare Service/input_username'

17-02-2024T01:49:31 - [TEST_STEP][PASSED] - setEncryptedText(findTestObject("Object Repository/CURA_Pages_Login_ValidUser_Name_OR_001/Page_CURA Healthcare Service/input_password"), "g3/DOGG74jC3Flrr3yH+3D/yKbOqqUNM"): Text ****** has been set on object 'Object Repository/CURA_Pages_Login_ValidUser_Name_OR_001/Page_CURA Healthcare Service/input_password'

17-02-2024T01:49:31 - [MESSAGE][PASSED] - Text ****** has been set on object 'Object Repository/CURA_Pages_Login_ValidUser_Name_OR_001/Page_CURA Healthcare Service/input_password'

17-02-2024T01:49:31 - [TEST_STEP][PASSED] - click(findTestObject("Object Repository/CURA_Pages_Login_ValidUser_Name_OR_001/Page_CURA Healthcare Service/button_Login")): Object: 'Object Repository/CURA_Pages_Login_ValidUser_Name_OR_001/Page_CURA Healthcare Service/button_Login' is clicked on

17-02-2024T01:49:33 - [MESSAGE][PASSED] - Object: 'Object Repository/CURA_Pages_Login_ValidUser_Name_OR_001/Page_CURA Healthcare Service/button_Login' is clicked on

17-02-2024T01:49:33 - [TEST_STEP][PASSED] - closeBrowser(): Browser is closed

17-02-2024T01:49:34 - [MESSAGE][PASSED] - Browser is closed

17-02-2024T01:49:34 - [TEST_STEP][PASSED] - Start listener action : sampleAfterTestCase: null

17-02-2024T01:49:34 - [TEST_STEP][PASSED] - println(" I Am sampleAfterTestCase Function "): null]]></system-out>
         <system-err><![CDATA[]]></system-err>
      </testcase>
      <testcase name="Test Cases/CURA_Test_Case/CURA_TC_Histosy/CURA_TC_Booked_Appointment_History_003" time="60.529" classname="Test Cases/CURA_Test_Case/CURA_TC_Histosy/CURA_TC_Booked_Appointment_History_003" status="PASSED">
         <system-out><![CDATA[17-02-2024T01:49:34 - [TEST_CASE][PASSED] - Test Cases/CURA_Test_Case/CURA_TC_Histosy/CURA_TC_Booked_Appointment_History_003: Test Cases/CURA_Test_Case/CURA_TC_Histosy/CURA_TC_Booked_Appointment_History_003

17-02-2024T01:49:34 - [TEST_STEP][PASSED] - Start listener action : onTestCaseStart: null

17-02-2024T01:49:34 - [TEST_STEP][PASSED] - println(" I Am inside testcasestart Function "): null

17-02-2024T01:49:34 - [TEST_STEP][PASSED] - openBrowser(""): Browser is opened with url: ''

17-02-2024T01:49:34 - [MESSAGE][INFO] - Starting 'Edge Chromium' driver

17-02-2024T01:49:34 - [MESSAGE][INFO] - Action delay is set to 0 milliseconds

17-02-2024T01:49:35 - [MESSAGE][PASSED] - Browser is opened with url: ''

17-02-2024T01:49:35 - [TEST_STEP][PASSED] - navigateToUrl("https://katalon-demo-cura.herokuapp.com/"): Navigate to 'https://katalon-demo-cura.herokuapp.com/' successfully

17-02-2024T01:50:17 - [MESSAGE][PASSED] - Navigate to 'https://katalon-demo-cura.herokuapp.com/' successfully

17-02-2024T01:50:17 - [TEST_STEP][PASSED] - click(findTestObject("Object Repository/CURA_Pages_History_Details_OR_003/Page_CURA Healthcare Service/a_Make Appointment")): Object: 'Object Repository/CURA_Pages_History_Details_OR_003/Page_CURA Healthcare Service/a_Make Appointment' is clicked on

17-02-2024T01:50:20 - [MESSAGE][PASSED] - Object: 'Object Repository/CURA_Pages_History_Details_OR_003/Page_CURA Healthcare Service/a_Make Appointment' is clicked on

17-02-2024T01:50:20 - [TEST_STEP][PASSED] - setText(findTestObject("Object Repository/CURA_Pages_History_Details_OR_003/Page_CURA Healthcare Service/input_username"), "John Doe"): Text 'John Doe' is set on object 'Object Repository/CURA_Pages_History_Details_OR_003/Page_CURA Healthcare Service/input_username'

17-02-2024T01:50:21 - [MESSAGE][PASSED] - Text 'John Doe' is set on object 'Object Repository/CURA_Pages_History_Details_OR_003/Page_CURA Healthcare Service/input_username'

17-02-2024T01:50:21 - [TEST_STEP][PASSED] - setEncryptedText(findTestObject("Object Repository/CURA_Pages_History_Details_OR_003/Page_CURA Healthcare Service/input_password"), "g3/DOGG74jC3Flrr3yH+3D/yKbOqqUNM"): Text ****** has been set on object 'Object Repository/CURA_Pages_History_Details_OR_003/Page_CURA Healthcare Service/input_password'

17-02-2024T01:50:21 - [MESSAGE][PASSED] - Text ****** has been set on object 'Object Repository/CURA_Pages_History_Details_OR_003/Page_CURA Healthcare Service/input_password'

17-02-2024T01:50:21 - [TEST_STEP][PASSED] - click(findTestObject("Object Repository/CURA_Pages_History_Details_OR_003/Page_CURA Healthcare Service/button_Login")): Object: 'Object Repository/CURA_Pages_History_Details_OR_003/Page_CURA Healthcare Service/button_Login' is clicked on

17-02-2024T01:50:23 - [MESSAGE][PASSED] - Object: 'Object Repository/CURA_Pages_History_Details_OR_003/Page_CURA Healthcare Service/button_Login' is clicked on

17-02-2024T01:50:23 - [TEST_STEP][PASSED] - selectOptionByValue(findTestObject("Object Repository/CURA_Pages_History_Details_OR_003/Page_CURA Healthcare Service/select_Tokyo CURA Healthcare Center        _5b4107"), "Hongkong CURA Healthcare Center", true): All options with value 'Hongkong CURA Healthcare Center' are selected in object 'Object Repository/CURA_Pages_History_Details_OR_003/Page_CURA Healthcare Service/select_Tokyo CURA Healthcare Center        _5b4107'  using regular expression

17-02-2024T01:50:24 - [MESSAGE][PASSED] - All options with value 'Hongkong CURA Healthcare Center' are selected in object 'Object Repository/CURA_Pages_History_Details_OR_003/Page_CURA Healthcare Service/select_Tokyo CURA Healthcare Center        _5b4107'  using regular expression

17-02-2024T01:50:24 - [TEST_STEP][PASSED] - click(findTestObject("Object Repository/CURA_Pages_History_Details_OR_003/Page_CURA Healthcare Service/label_Apply for hospital readmission")): Object: 'Object Repository/CURA_Pages_History_Details_OR_003/Page_CURA Healthcare Service/label_Apply for hospital readmission' is clicked on

17-02-2024T01:50:24 - [MESSAGE][PASSED] - Object: 'Object Repository/CURA_Pages_History_Details_OR_003/Page_CURA Healthcare Service/label_Apply for hospital readmission' is clicked on

17-02-2024T01:50:24 - [TEST_STEP][PASSED] - click(findTestObject("Object Repository/CURA_Pages_History_Details_OR_003/Page_CURA Healthcare Service/input_programs")): Object: 'Object Repository/CURA_Pages_History_Details_OR_003/Page_CURA Healthcare Service/input_programs' is clicked on

17-02-2024T01:50:24 - [MESSAGE][PASSED] - Object: 'Object Repository/CURA_Pages_History_Details_OR_003/Page_CURA Healthcare Service/input_programs' is clicked on

17-02-2024T01:50:25 - [TEST_STEP][PASSED] - click(findTestObject("Object Repository/CURA_Pages_History_Details_OR_003/Page_CURA Healthcare Service/input_visit_date")): Object: 'Object Repository/CURA_Pages_History_Details_OR_003/Page_CURA Healthcare Service/input_visit_date' is clicked on

17-02-2024T01:50:25 - [MESSAGE][PASSED] - Object: 'Object Repository/CURA_Pages_History_Details_OR_003/Page_CURA Healthcare Service/input_visit_date' is clicked on

17-02-2024T01:50:25 - [TEST_STEP][PASSED] - click(findTestObject("Object Repository/CURA_Pages_History_Details_OR_003/Page_CURA Healthcare Service/td_22")): Object: 'Object Repository/CURA_Pages_History_Details_OR_003/Page_CURA Healthcare Service/td_22' is clicked on

17-02-2024T01:50:25 - [MESSAGE][PASSED] - Object: 'Object Repository/CURA_Pages_History_Details_OR_003/Page_CURA Healthcare Service/td_22' is clicked on

17-02-2024T01:50:25 - [TEST_STEP][PASSED] - setText(findTestObject("Object Repository/CURA_Pages_History_Details_OR_003/Page_CURA Healthcare Service/textarea_comment"), "Booked Appointment"): Text 'Booked Appointment' is set on object 'Object Repository/CURA_Pages_History_Details_OR_003/Page_CURA Healthcare Service/textarea_comment'

17-02-2024T01:50:26 - [MESSAGE][PASSED] - Text 'Booked Appointment' is set on object 'Object Repository/CURA_Pages_History_Details_OR_003/Page_CURA Healthcare Service/textarea_comment'

17-02-2024T01:50:26 - [TEST_STEP][PASSED] - click(findTestObject("Object Repository/CURA_Pages_History_Details_OR_003/Page_CURA Healthcare Service/button_Book Appointment")): Object: 'Object Repository/CURA_Pages_History_Details_OR_003/Page_CURA Healthcare Service/button_Book Appointment' is clicked on

17-02-2024T01:50:28 - [MESSAGE][PASSED] - Object: 'Object Repository/CURA_Pages_History_Details_OR_003/Page_CURA Healthcare Service/button_Book Appointment' is clicked on

17-02-2024T01:50:28 - [TEST_STEP][PASSED] - click(findTestObject("Object Repository/CURA_Pages_History_Details_OR_003/Page_CURA Healthcare Service/i_fa fa-bars")): Object: 'Object Repository/CURA_Pages_History_Details_OR_003/Page_CURA Healthcare Service/i_fa fa-bars' is clicked on

17-02-2024T01:50:28 - [MESSAGE][PASSED] - Object: 'Object Repository/CURA_Pages_History_Details_OR_003/Page_CURA Healthcare Service/i_fa fa-bars' is clicked on

17-02-2024T01:50:28 - [TEST_STEP][PASSED] - click(findTestObject("Object Repository/CURA_Pages_History_Details_OR_003/Page_CURA Healthcare Service/a_History")): Object: 'Object Repository/CURA_Pages_History_Details_OR_003/Page_CURA Healthcare Service/a_History' is clicked on

17-02-2024T01:50:30 - [MESSAGE][PASSED] - Object: 'Object Repository/CURA_Pages_History_Details_OR_003/Page_CURA Healthcare Service/a_History' is clicked on

17-02-2024T01:50:30 - [TEST_STEP][PASSED] - sleep(4000): null

17-02-2024T01:50:34 - [TEST_STEP][PASSED] - closeBrowser(): Browser is closed

17-02-2024T01:50:34 - [MESSAGE][PASSED] - Browser is closed

17-02-2024T01:50:34 - [TEST_STEP][PASSED] - Start listener action : sampleAfterTestCase: null

17-02-2024T01:50:34 - [TEST_STEP][PASSED] - println(" I Am sampleAfterTestCase Function "): null]]></system-out>
         <system-err><![CDATA[]]></system-err>
      </testcase>
      <testcase name="Test Cases/CURA_Test_Case/CURA_TC_Make Appointment/CURA_TC_Make Appointment_providingDetails_002" time="56.852" classname="Test Cases/CURA_Test_Case/CURA_TC_Make Appointment/CURA_TC_Make Appointment_providingDetails_002" status="PASSED">
         <system-out><![CDATA[17-02-2024T01:50:34 - [TEST_CASE][PASSED] - Test Cases/CURA_Test_Case/CURA_TC_Make Appointment/CURA_TC_Make Appointment_providingDetails_002: Test Cases/CURA_Test_Case/CURA_TC_Make Appointment/CURA_TC_Make Appointment_providingDetails_002

17-02-2024T01:50:34 - [TEST_STEP][PASSED] - Start listener action : onTestCaseStart: null

17-02-2024T01:50:34 - [TEST_STEP][PASSED] - println(" I Am inside testcasestart Function "): null

17-02-2024T01:50:34 - [TEST_STEP][PASSED] - openBrowser(""): Browser is opened with url: ''

17-02-2024T01:50:34 - [MESSAGE][INFO] - Starting 'Edge Chromium' driver

17-02-2024T01:50:35 - [MESSAGE][INFO] - Action delay is set to 0 milliseconds

17-02-2024T01:50:35 - [MESSAGE][PASSED] - Browser is opened with url: ''

17-02-2024T01:50:35 - [TEST_STEP][PASSED] - navigateToUrl("https://katalon-demo-cura.herokuapp.com/"): Navigate to 'https://katalon-demo-cura.herokuapp.com/' successfully

17-02-2024T01:51:15 - [MESSAGE][PASSED] - Navigate to 'https://katalon-demo-cura.herokuapp.com/' successfully

17-02-2024T01:51:15 - [TEST_STEP][PASSED] - click(findTestObject("Object Repository/CURA_TC_Make Appointment_providing Details_OR_002/Page_CURA Healthcare Service/a_Make Appointment")): Object: 'Object Repository/CURA_TC_Make Appointment_providing Details_OR_002/Page_CURA Healthcare Service/a_Make Appointment' is clicked on

17-02-2024T01:51:19 - [MESSAGE][PASSED] - Object: 'Object Repository/CURA_TC_Make Appointment_providing Details_OR_002/Page_CURA Healthcare Service/a_Make Appointment' is clicked on

17-02-2024T01:51:19 - [TEST_STEP][PASSED] - click(findTestObject("Object Repository/CURA_TC_Make Appointment_providing Details_OR_002/Page_CURA Healthcare Service/body_CURA Healthcare                       _fb9a78")): Object: 'Object Repository/CURA_TC_Make Appointment_providing Details_OR_002/Page_CURA Healthcare Service/body_CURA Healthcare                       _fb9a78' is clicked on

17-02-2024T01:51:19 - [MESSAGE][PASSED] - Object: 'Object Repository/CURA_TC_Make Appointment_providing Details_OR_002/Page_CURA Healthcare Service/body_CURA Healthcare                       _fb9a78' is clicked on

17-02-2024T01:51:19 - [TEST_STEP][PASSED] - setText(findTestObject("Object Repository/CURA_TC_Make Appointment_providing Details_OR_002/Page_CURA Healthcare Service/input_username"), "John Doe"): Text 'John Doe' is set on object 'Object Repository/CURA_TC_Make Appointment_providing Details_OR_002/Page_CURA Healthcare Service/input_username'

17-02-2024T01:51:20 - [MESSAGE][PASSED] - Text 'John Doe' is set on object 'Object Repository/CURA_TC_Make Appointment_providing Details_OR_002/Page_CURA Healthcare Service/input_username'

17-02-2024T01:51:20 - [TEST_STEP][PASSED] - setEncryptedText(findTestObject("Object Repository/CURA_TC_Make Appointment_providing Details_OR_002/Page_CURA Healthcare Service/input_password"), "g3/DOGG74jC3Flrr3yH+3D/yKbOqqUNM"): Text ****** has been set on object 'Object Repository/CURA_TC_Make Appointment_providing Details_OR_002/Page_CURA Healthcare Service/input_password'

17-02-2024T01:51:20 - [MESSAGE][PASSED] - Text ****** has been set on object 'Object Repository/CURA_TC_Make Appointment_providing Details_OR_002/Page_CURA Healthcare Service/input_password'

17-02-2024T01:51:20 - [TEST_STEP][PASSED] - click(findTestObject("Object Repository/CURA_TC_Make Appointment_providing Details_OR_002/Page_CURA Healthcare Service/button_Login")): Object: 'Object Repository/CURA_TC_Make Appointment_providing Details_OR_002/Page_CURA Healthcare Service/button_Login' is clicked on

17-02-2024T01:51:22 - [MESSAGE][PASSED] - Object: 'Object Repository/CURA_TC_Make Appointment_providing Details_OR_002/Page_CURA Healthcare Service/button_Login' is clicked on

17-02-2024T01:51:22 - [TEST_STEP][PASSED] - selectOptionByValue(findTestObject("Object Repository/CURA_TC_Make Appointment_providing Details_OR_002/Page_CURA Healthcare Service/select_Tokyo CURA Healthcare Center        _5b4107"), "Hongkong CURA Healthcare Center", true): All options with value 'Hongkong CURA Healthcare Center' are selected in object 'Object Repository/CURA_TC_Make Appointment_providing Details_OR_002/Page_CURA Healthcare Service/select_Tokyo CURA Healthcare Center        _5b4107'  using regular expression

17-02-2024T01:51:23 - [MESSAGE][PASSED] - All options with value 'Hongkong CURA Healthcare Center' are selected in object 'Object Repository/CURA_TC_Make Appointment_providing Details_OR_002/Page_CURA Healthcare Service/select_Tokyo CURA Healthcare Center        _5b4107'  using regular expression

17-02-2024T01:51:23 - [TEST_STEP][PASSED] - click(findTestObject("Object Repository/CURA_TC_Make Appointment_providing Details_OR_002/Page_CURA Healthcare Service/input_hospital_readmission")): Object: 'Object Repository/CURA_TC_Make Appointment_providing Details_OR_002/Page_CURA Healthcare Service/input_hospital_readmission' is clicked on

17-02-2024T01:51:23 - [MESSAGE][PASSED] - Object: 'Object Repository/CURA_TC_Make Appointment_providing Details_OR_002/Page_CURA Healthcare Service/input_hospital_readmission' is clicked on

17-02-2024T01:51:23 - [TEST_STEP][PASSED] - click(findTestObject("Object Repository/CURA_TC_Make Appointment_providing Details_OR_002/Page_CURA Healthcare Service/input_programs")): Object: 'Object Repository/CURA_TC_Make Appointment_providing Details_OR_002/Page_CURA Healthcare Service/input_programs' is clicked on

17-02-2024T01:51:24 - [MESSAGE][PASSED] - Object: 'Object Repository/CURA_TC_Make Appointment_providing Details_OR_002/Page_CURA Healthcare Service/input_programs' is clicked on

17-02-2024T01:51:24 - [TEST_STEP][PASSED] - click(findTestObject("Object Repository/CURA_TC_Make Appointment_providing Details_OR_002/Page_CURA Healthcare Service/input_visit_date")): Object: 'Object Repository/CURA_TC_Make Appointment_providing Details_OR_002/Page_CURA Healthcare Service/input_visit_date' is clicked on

17-02-2024T01:51:24 - [MESSAGE][PASSED] - Object: 'Object Repository/CURA_TC_Make Appointment_providing Details_OR_002/Page_CURA Healthcare Service/input_visit_date' is clicked on

17-02-2024T01:51:24 - [TEST_STEP][PASSED] - click(findTestObject("Object Repository/CURA_TC_Make Appointment_providing Details_OR_002/Page_CURA Healthcare Service/td_24")): Object: 'Object Repository/CURA_TC_Make Appointment_providing Details_OR_002/Page_CURA Healthcare Service/td_24' is clicked on

17-02-2024T01:51:24 - [MESSAGE][PASSED] - Object: 'Object Repository/CURA_TC_Make Appointment_providing Details_OR_002/Page_CURA Healthcare Service/td_24' is clicked on

17-02-2024T01:51:24 - [TEST_STEP][PASSED] - setText(findTestObject("Object Repository/CURA_TC_Make Appointment_providing Details_OR_002/Page_CURA Healthcare Service/textarea_comment"), "Booking Appointment"): Text 'Booking Appointment' is set on object 'Object Repository/CURA_TC_Make Appointment_providing Details_OR_002/Page_CURA Healthcare Service/textarea_comment'

17-02-2024T01:51:25 - [MESSAGE][PASSED] - Text 'Booking Appointment' is set on object 'Object Repository/CURA_TC_Make Appointment_providing Details_OR_002/Page_CURA Healthcare Service/textarea_comment'

17-02-2024T01:51:25 - [TEST_STEP][PASSED] - click(findTestObject("Object Repository/CURA_TC_Make Appointment_providing Details_OR_002/Page_CURA Healthcare Service/button_Book Appointment")): Object: 'Object Repository/CURA_TC_Make Appointment_providing Details_OR_002/Page_CURA Healthcare Service/button_Book Appointment' is clicked on

17-02-2024T01:51:27 - [MESSAGE][PASSED] - Object: 'Object Repository/CURA_TC_Make Appointment_providing Details_OR_002/Page_CURA Healthcare Service/button_Book Appointment' is clicked on

17-02-2024T01:51:27 - [TEST_STEP][PASSED] - sleep(4000): null

17-02-2024T01:51:31 - [TEST_STEP][PASSED] - closeBrowser(): Browser is closed

17-02-2024T01:51:31 - [MESSAGE][PASSED] - Browser is closed

17-02-2024T01:51:31 - [TEST_STEP][PASSED] - Start listener action : sampleAfterTestCase: null

17-02-2024T01:51:31 - [TEST_STEP][PASSED] - println(" I Am sampleAfterTestCase Function "): null]]></system-out>
         <system-err><![CDATA[]]></system-err>
      </testcase>
      <system-out><![CDATA[17-02-2024T01:48:59 - [TEST_SUITE][PASSED] - CURA_Basic_TS_History_003: Test Cases/CURA_Test_Case/CURA_TC_Make Appointment/CURA_TC_Make Appointment_providingDetails_002]]></system-out>
      <system-err><![CDATA[]]></system-err>
   </testsuite>
</testsuites>
