<?xml version="1.0" encoding="UTF-8"?>
<testsuites name="CURA_Basic_TS_Login_001" time="179.064" tests="3" failures="0" errors="0">
   <testsuite name="CURA_Basic_TS_Login_001" tests="3" failures="0" errors="0" time="179.064" skipped="0" timestamp="17-02-2024T01:45:55" hostname="Lenovo - Durgesh" id="Test Suites/CURA_Test_Suite_Login/CURA_Basic_TS_Login_001">
      <properties>
         <property name="deviceName" value=""/>
         <property name="devicePlatform" value=""/>
         <property name="logFolder" value="C:\\Users\\Lenovo\\git\\Katalon_Automation_CURA_Health_Service\\Reports\\20240217_014545\\CURA_Test_Suite_Login\\CURA_Basic_TS_Login_001\\20240217_014546"/>
         <property name="logFiles" value="C:\\Users\\Lenovo\\git\\Katalon_Automation_CURA_Health_Service\\Reports\\20240217_014545\\CURA_Test_Suite_Login\\CURA_Basic_TS_Login_001\\20240217_014546\\execution0.log"/>
         <property name="attachments" value=""/>
         <property name="hostName" value="Lenovo - Durgesh"/>
         <property name="os" value="Windows 11 64bit"/>
         <property name="katalonVersion" value="9.2.0.212"/>
         <property name="browser" value="Firefox 122.0"/>
         <property name="hostAddress" value="192.168.43.195"/>
         <property name="sessionId" value="a5af8551-ba63-4bf6-a08b-24c50605ccdc"/>
         <property name="seleniumVersion" value="3.141.59"/>
         <property name="proxyInformation" value="ProxyInformation { proxyOption=NO_PROXY, proxyServerType=HTTP, username=, password=********, proxyServerAddress=, proxyServerPort=0, executionList=&quot;&quot;, isApplyToDesiredCapabilities=true }"/>
         <property name="platform" value="Windows 11"/>
      </properties>
      <testcase name="Test Cases/CURA_Test_Case/CURA_TC_Login/CURA_TC_Login_ValidUser_Name_001" time="56.421" classname="Test Cases/CURA_Test_Case/CURA_TC_Login/CURA_TC_Login_ValidUser_Name_001" status="PASSED">
         <system-out><![CDATA[17-02-2024T01:45:55 - [TEST_CASE][PASSED] - Test Cases/CURA_Test_Case/CURA_TC_Login/CURA_TC_Login_ValidUser_Name_001: Test Cases/CURA_Test_Case/CURA_TC_Login/CURA_TC_Login_ValidUser_Name_001

17-02-2024T01:45:55 - [TEST_STEP][PASSED] - Start listener action : onTestCaseStart: null

17-02-2024T01:45:55 - [TEST_STEP][PASSED] - println(" I Am inside testcasestart Function "): null

17-02-2024T01:45:55 - [TEST_STEP][PASSED] - openBrowser(""): Browser is opened with url: ''

17-02-2024T01:45:56 - [MESSAGE][INFO] - Starting 'Firefox' driver

17-02-2024T01:45:56 - [MESSAGE][INFO] - Action delay is set to 0 milliseconds

17-02-2024T01:46:00 - [MESSAGE][PASSED] - Browser is opened with url: ''

17-02-2024T01:46:00 - [TEST_STEP][PASSED] - navigateToUrl("https://katalon-demo-cura.herokuapp.com/"): Navigate to 'https://katalon-demo-cura.herokuapp.com/' successfully

17-02-2024T01:46:44 - [MESSAGE][PASSED] - Navigate to 'https://katalon-demo-cura.herokuapp.com/' successfully

17-02-2024T01:46:44 - [TEST_STEP][PASSED] - click(findTestObject("Object Repository/CURA_Pages_Login_ValidUser_Name_OR_001/Page_CURA Healthcare Service/a_Make Appointment")): Object: 'Object Repository/CURA_Pages_Login_ValidUser_Name_OR_001/Page_CURA Healthcare Service/a_Make Appointment' is clicked on

17-02-2024T01:46:48 - [MESSAGE][PASSED] - Object: 'Object Repository/CURA_Pages_Login_ValidUser_Name_OR_001/Page_CURA Healthcare Service/a_Make Appointment' is clicked on

17-02-2024T01:46:48 - [TEST_STEP][PASSED] - setText(findTestObject("Object Repository/CURA_Pages_Login_ValidUser_Name_OR_001/Page_CURA Healthcare Service/input_username"), "John Doe"): Text 'John Doe' is set on object 'Object Repository/CURA_Pages_Login_ValidUser_Name_OR_001/Page_CURA Healthcare Service/input_username'

17-02-2024T01:46:49 - [MESSAGE][PASSED] - Text 'John Doe' is set on object 'Object Repository/CURA_Pages_Login_ValidUser_Name_OR_001/Page_CURA Healthcare Service/input_username'

17-02-2024T01:46:49 - [TEST_STEP][PASSED] - setEncryptedText(findTestObject("Object Repository/CURA_Pages_Login_ValidUser_Name_OR_001/Page_CURA Healthcare Service/input_password"), "g3/DOGG74jC3Flrr3yH+3D/yKbOqqUNM"): Text ****** has been set on object 'Object Repository/CURA_Pages_Login_ValidUser_Name_OR_001/Page_CURA Healthcare Service/input_password'

17-02-2024T01:46:49 - [MESSAGE][PASSED] - Text ****** has been set on object 'Object Repository/CURA_Pages_Login_ValidUser_Name_OR_001/Page_CURA Healthcare Service/input_password'

17-02-2024T01:46:49 - [TEST_STEP][PASSED] - click(findTestObject("Object Repository/CURA_Pages_Login_ValidUser_Name_OR_001/Page_CURA Healthcare Service/button_Login")): Object: 'Object Repository/CURA_Pages_Login_ValidUser_Name_OR_001/Page_CURA Healthcare Service/button_Login' is clicked on

17-02-2024T01:46:50 - [MESSAGE][PASSED] - Object: 'Object Repository/CURA_Pages_Login_ValidUser_Name_OR_001/Page_CURA Healthcare Service/button_Login' is clicked on

17-02-2024T01:46:50 - [TEST_STEP][PASSED] - closeBrowser(): Browser is closed

17-02-2024T01:46:51 - [MESSAGE][PASSED] - Browser is closed

17-02-2024T01:46:51 - [TEST_STEP][PASSED] - Start listener action : sampleAfterTestCase: null

17-02-2024T01:46:51 - [TEST_STEP][PASSED] - println(" I Am sampleAfterTestCase Function "): null]]></system-out>
         <system-err><![CDATA[]]></system-err>
      </testcase>
      <testcase name="Test Cases/CURA_Test_Case/CURA_TC_Login/CURA_TC_Login_InvalidUser_Name_001" time="62.475" classname="Test Cases/CURA_Test_Case/CURA_TC_Login/CURA_TC_Login_InvalidUser_Name_001" status="PASSED">
         <system-out><![CDATA[17-02-2024T01:46:51 - [TEST_CASE][PASSED] - Test Cases/CURA_Test_Case/CURA_TC_Login/CURA_TC_Login_InvalidUser_Name_001: Test Cases/CURA_Test_Case/CURA_TC_Login/CURA_TC_Login_InvalidUser_Name_001

17-02-2024T01:46:51 - [TEST_STEP][PASSED] - Start listener action : onTestCaseStart: null

17-02-2024T01:46:51 - [TEST_STEP][PASSED] - println(" I Am inside testcasestart Function "): null

17-02-2024T01:46:52 - [TEST_STEP][PASSED] - openBrowser(""): Browser is opened with url: ''

17-02-2024T01:46:52 - [MESSAGE][INFO] - Starting 'Firefox' driver

17-02-2024T01:46:52 - [MESSAGE][INFO] - Action delay is set to 0 milliseconds

17-02-2024T01:46:55 - [MESSAGE][PASSED] - Browser is opened with url: ''

17-02-2024T01:46:55 - [TEST_STEP][PASSED] - navigateToUrl("https://katalon-demo-cura.herokuapp.com/"): Navigate to 'https://katalon-demo-cura.herokuapp.com/' successfully

17-02-2024T01:47:47 - [MESSAGE][PASSED] - Navigate to 'https://katalon-demo-cura.herokuapp.com/' successfully

17-02-2024T01:47:47 - [TEST_STEP][PASSED] - click(findTestObject("Object Repository/CURA_Pages_LogIn_InvalidUser_Name_OR_001/Page_CURA Healthcare Service/a_Make Appointment")): Object: 'Object Repository/CURA_Pages_LogIn_InvalidUser_Name_OR_001/Page_CURA Healthcare Service/a_Make Appointment' is clicked on

17-02-2024T01:47:49 - [MESSAGE][PASSED] - Object: 'Object Repository/CURA_Pages_LogIn_InvalidUser_Name_OR_001/Page_CURA Healthcare Service/a_Make Appointment' is clicked on

17-02-2024T01:47:49 - [TEST_STEP][PASSED] - setText(findTestObject("Object Repository/CURA_Pages_LogIn_InvalidUser_Name_OR_001/Page_CURA Healthcare Service/input_username"), "John DOe"): Text 'John DOe' is set on object 'Object Repository/CURA_Pages_LogIn_InvalidUser_Name_OR_001/Page_CURA Healthcare Service/input_username'

17-02-2024T01:47:50 - [MESSAGE][PASSED] - Text 'John DOe' is set on object 'Object Repository/CURA_Pages_LogIn_InvalidUser_Name_OR_001/Page_CURA Healthcare Service/input_username'

17-02-2024T01:47:50 - [TEST_STEP][PASSED] - setEncryptedText(findTestObject("Object Repository/CURA_Pages_LogIn_InvalidUser_Name_OR_001/Page_CURA Healthcare Service/input_password"), "g3/DOGG74jC3Flrr3yH+3D/yKbOqqUNM"): Text ****** has been set on object 'Object Repository/CURA_Pages_LogIn_InvalidUser_Name_OR_001/Page_CURA Healthcare Service/input_password'

17-02-2024T01:47:50 - [MESSAGE][PASSED] - Text ****** has been set on object 'Object Repository/CURA_Pages_LogIn_InvalidUser_Name_OR_001/Page_CURA Healthcare Service/input_password'

17-02-2024T01:47:50 - [TEST_STEP][PASSED] - click(findTestObject("Object Repository/CURA_Pages_LogIn_InvalidUser_Name_OR_001/Page_CURA Healthcare Service/button_Login")): Object: 'Object Repository/CURA_Pages_LogIn_InvalidUser_Name_OR_001/Page_CURA Healthcare Service/button_Login' is clicked on

17-02-2024T01:47:53 - [MESSAGE][PASSED] - Object: 'Object Repository/CURA_Pages_LogIn_InvalidUser_Name_OR_001/Page_CURA Healthcare Service/button_Login' is clicked on

17-02-2024T01:47:53 - [TEST_STEP][PASSED] - closeBrowser(): Browser is closed

17-02-2024T01:47:54 - [MESSAGE][PASSED] - Browser is closed

17-02-2024T01:47:54 - [TEST_STEP][PASSED] - Start listener action : sampleAfterTestCase: null

17-02-2024T01:47:54 - [TEST_STEP][PASSED] - println(" I Am sampleAfterTestCase Function "): null]]></system-out>
         <system-err><![CDATA[]]></system-err>
      </testcase>
      <testcase name="Test Cases/CURA_Test_Case/CURA_TC_Login/CURA_TC_Login_Redirect_page_001" time="59.824" classname="Test Cases/CURA_Test_Case/CURA_TC_Login/CURA_TC_Login_Redirect_page_001" status="PASSED">
         <system-out><![CDATA[17-02-2024T01:47:54 - [TEST_CASE][PASSED] - Test Cases/CURA_Test_Case/CURA_TC_Login/CURA_TC_Login_Redirect_page_001: Test Cases/CURA_Test_Case/CURA_TC_Login/CURA_TC_Login_Redirect_page_001

17-02-2024T01:47:54 - [TEST_STEP][PASSED] - Start listener action : onTestCaseStart: null

17-02-2024T01:47:54 - [TEST_STEP][PASSED] - println(" I Am inside testcasestart Function "): null

17-02-2024T01:47:54 - [TEST_STEP][PASSED] - openBrowser(""): Browser is opened with url: ''

17-02-2024T01:47:54 - [MESSAGE][INFO] - Starting 'Firefox' driver

17-02-2024T01:47:54 - [MESSAGE][INFO] - Action delay is set to 0 milliseconds

17-02-2024T01:47:57 - [MESSAGE][PASSED] - Browser is opened with url: ''

17-02-2024T01:47:57 - [TEST_STEP][PASSED] - navigateToUrl("https://katalon-demo-cura.herokuapp.com/"): Navigate to 'https://katalon-demo-cura.herokuapp.com/' successfully

17-02-2024T01:48:44 - [MESSAGE][PASSED] - Navigate to 'https://katalon-demo-cura.herokuapp.com/' successfully

17-02-2024T01:48:44 - [TEST_STEP][PASSED] - click(findTestObject("Object Repository/CURA_pages_Login_Redirect_OR_001/Page_CURA Healthcare Service/a_Make Appointment")): Object: 'Object Repository/CURA_pages_Login_Redirect_OR_001/Page_CURA Healthcare Service/a_Make Appointment' is clicked on

17-02-2024T01:48:46 - [MESSAGE][PASSED] - Object: 'Object Repository/CURA_pages_Login_Redirect_OR_001/Page_CURA Healthcare Service/a_Make Appointment' is clicked on

17-02-2024T01:48:46 - [TEST_STEP][PASSED] - setText(findTestObject("Object Repository/CURA_pages_Login_Redirect_OR_001/Page_CURA Healthcare Service/input_username"), "John Doe"): Text 'John Doe' is set on object 'Object Repository/CURA_pages_Login_Redirect_OR_001/Page_CURA Healthcare Service/input_username'

17-02-2024T01:48:47 - [MESSAGE][PASSED] - Text 'John Doe' is set on object 'Object Repository/CURA_pages_Login_Redirect_OR_001/Page_CURA Healthcare Service/input_username'

17-02-2024T01:48:47 - [TEST_STEP][PASSED] - setEncryptedText(findTestObject("Object Repository/CURA_pages_Login_Redirect_OR_001/Page_CURA Healthcare Service/input_password"), "g3/DOGG74jC3Flrr3yH+3D/yKbOqqUNM"): Text ****** has been set on object 'Object Repository/CURA_pages_Login_Redirect_OR_001/Page_CURA Healthcare Service/input_password'

17-02-2024T01:48:47 - [MESSAGE][PASSED] - Text ****** has been set on object 'Object Repository/CURA_pages_Login_Redirect_OR_001/Page_CURA Healthcare Service/input_password'

17-02-2024T01:48:47 - [TEST_STEP][PASSED] - click(findTestObject("Object Repository/CURA_pages_Login_Redirect_OR_001/Page_CURA Healthcare Service/button_Login")): Object: 'Object Repository/CURA_pages_Login_Redirect_OR_001/Page_CURA Healthcare Service/button_Login' is clicked on

17-02-2024T01:48:48 - [MESSAGE][PASSED] - Object: 'Object Repository/CURA_pages_Login_Redirect_OR_001/Page_CURA Healthcare Service/button_Login' is clicked on

17-02-2024T01:48:48 - [TEST_STEP][PASSED] - openBrowser(""): Browser is opened with url: ''

17-02-2024T01:48:48 - [MESSAGE][WARNING] - A browser is already opened. Closing browser and opening a new one

17-02-2024T01:48:49 - [MESSAGE][INFO] - Starting 'Firefox' driver

17-02-2024T01:48:49 - [MESSAGE][INFO] - Action delay is set to 0 milliseconds

17-02-2024T01:48:53 - [MESSAGE][PASSED] - Browser is opened with url: ''

17-02-2024T01:48:53 - [TEST_STEP][PASSED] - closeBrowser(): Browser is closed

17-02-2024T01:48:54 - [MESSAGE][PASSED] - Browser is closed

17-02-2024T01:48:54 - [TEST_STEP][PASSED] - Start listener action : sampleAfterTestCase: null

17-02-2024T01:48:54 - [TEST_STEP][PASSED] - println(" I Am sampleAfterTestCase Function "): null]]></system-out>
         <system-err><![CDATA[]]></system-err>
      </testcase>
      <system-out><![CDATA[17-02-2024T01:45:55 - [TEST_SUITE][PASSED] - CURA_Basic_TS_Login_001: Test Cases/CURA_Test_Case/CURA_TC_Login/CURA_TC_Login_Redirect_page_001]]></system-out>
      <system-err><![CDATA[]]></system-err>
   </testsuite>
</testsuites>
